TN:
SF:src\App.tsx
FN:29,App
FNF:1
FNH:1
FNDA:3,App
DA:2,1
DA:3,1
DA:4,1
DA:5,1
DA:6,1
DA:7,1
DA:8,1
DA:9,1
DA:10,1
DA:11,1
DA:12,1
DA:13,1
DA:14,1
DA:15,1
DA:16,1
DA:17,1
DA:18,1
DA:19,1
DA:20,1
DA:21,1
DA:22,1
DA:23,1
DA:24,1
DA:25,1
DA:26,1
DA:30,3
DA:32,3
DA:119,1
LF:28
LH:28
BRDA:45,0,0,1
BRDA:45,0,1,2
BRDA:46,1,0,1
BRDA:46,1,1,2
BRF:4
BRH:4
end_of_record
TN:
SF:src\AppWrapper.tsx
FN:7,(anonymous_1)
FNF:1
FNH:1
FNDA:3,(anonymous_1)
DA:4,1
DA:5,1
DA:7,1
DA:9,3
DA:11,3
DA:14,1
LF:6
LH:6
BRF:0
BRH:0
end_of_record
TN:
SF:src\api\songApi.ts
FN:13,getAllSongs
FN:17,getSongById
FN:21,createSong
FN:25,deleteSongById
FN:29,getUserSongs
FN:33,deleteAllUserSongs
FN:37,getAllSongsWithUserInfo
FN:41,deleteSongAsAdmin
FNF:8
FNH:0
FNDA:0,getAllSongs
FNDA:0,getSongById
FNDA:0,createSong
FNDA:0,deleteSongById
FNDA:0,getUserSongs
FNDA:0,deleteAllUserSongs
FNDA:0,getAllSongsWithUserInfo
FNDA:0,deleteSongAsAdmin
DA:1,5
DA:13,5
DA:14,0
DA:17,5
DA:18,0
DA:21,5
DA:22,0
DA:25,5
DA:26,0
DA:29,5
DA:30,0
DA:33,5
DA:34,0
DA:37,5
DA:38,0
DA:41,5
DA:42,0
LF:17
LH:9
BRF:0
BRH:0
end_of_record
TN:
SF:src\api\userApi.ts
FN:4,getUserProfile
FN:8,createUserProfile
FN:12,updateUserProfile
FN:16,deleteUserProfile
FN:20,updateUserRole
FNF:5
FNH:5
FNDA:1,getUserProfile
FNDA:1,createUserProfile
FNDA:1,updateUserProfile
FNDA:1,deleteUserProfile
FNDA:1,updateUserRole
DA:1,14
DA:4,14
DA:5,1
DA:8,14
DA:9,1
DA:12,14
DA:13,1
DA:16,14
DA:17,1
DA:20,14
DA:21,1
LF:11
LH:11
BRF:0
BRH:0
end_of_record
TN:
SF:src\components\AIChatWidget.tsx
FN:26,(anonymous_9)
FN:35,(anonymous_10)
FN:36,(anonymous_11)
FN:59,(anonymous_12)
FN:69,(anonymous_13)
FN:73,(anonymous_14)
FN:85,(anonymous_15)
FN:128,(anonymous_16)
FN:135,(anonymous_17)
FN:149,(anonymous_18)
FN:157,(anonymous_19)
FN:165,(anonymous_20)
FN:171,(anonymous_21)
FN:190,(anonymous_22)
FNF:14
FNH:10
FNDA:28,(anonymous_9)
FNDA:24,(anonymous_10)
FNDA:24,(anonymous_11)
FNDA:25,(anonymous_12)
FNDA:0,(anonymous_13)
FNDA:0,(anonymous_14)
FNDA:2,(anonymous_15)
FNDA:0,(anonymous_16)
FNDA:1,(anonymous_17)
FNDA:6,(anonymous_18)
FNDA:0,(anonymous_19)
FNDA:1,(anonymous_20)
FNDA:19,(anonymous_21)
FNDA:2,(anonymous_22)
DA:1,1
DA:2,1
DA:3,1
DA:4,1
DA:5,1
DA:13,1
DA:15,1
DA:26,1
DA:27,28
DA:28,28
DA:29,28
DA:30,28
DA:31,28
DA:32,28
DA:33,28
DA:35,28
DA:36,24
DA:37,24
DA:38,16
DA:39,16
DA:40,16
DA:42,14
DA:44,2
DA:48,24
DA:49,24
DA:50,6
DA:59,28
DA:60,25
DA:61,17
DA:65,28
DA:66,27
DA:67,1
DA:69,0
DA:73,0
DA:85,26
DA:86,2
DA:87,2
DA:91,2
DA:92,2
DA:93,2
DA:94,2
DA:95,2
DA:96,2
DA:98,2
DA:99,2
DA:100,2
DA:101,1
DA:103,1
DA:104,0
DA:105,1
DA:106,1
DA:107,0
DA:108,0
DA:109,0
DA:110,0
DA:112,0
DA:114,1
DA:116,1
DA:124,2
DA:128,26
DA:129,0
DA:130,0
DA:131,0
DA:135,26
DA:136,1
DA:144,26
DA:149,6
DA:157,0
DA:165,1
DA:172,19
DA:190,2
DA:211,1
LF:72
LH:60
BRDA:37,0,0,16
BRDA:39,1,0,16
BRDA:49,2,0,6
BRDA:49,3,0,24
BRDA:49,3,1,16
BRDA:53,4,0,6
BRDA:53,4,1,0
BRDA:53,4,2,0
BRDA:60,5,0,17
BRDA:65,6,0,1
BRDA:66,7,0,1
BRDA:86,8,0,0
BRDA:95,9,0,2
BRDA:103,10,0,0
BRDA:103,10,1,1
BRDA:105,11,0,1
BRDA:105,11,1,0
BRDA:107,12,0,0
BRDA:107,12,1,0
BRDA:109,13,0,0
BRDA:109,13,1,0
BRDA:120,14,0,1
BRDA:120,14,1,0
BRDA:129,15,0,0
BRDA:129,16,0,0
BRDA:129,16,1,0
BRDA:139,17,0,1
BRDA:139,17,1,0
BRDA:139,17,2,0
BRDA:146,18,0,26
BRDA:146,18,1,7
BRDA:155,19,0,26
BRDA:155,19,1,19
BRDA:172,20,0,4
BRDA:172,20,1,15
BRDA:173,21,0,4
BRDA:173,21,1,15
BRDA:174,22,0,15
BRDA:174,22,1,4
BRDA:198,23,0,19
BRDA:198,23,1,17
BRF:41
BRH:26
end_of_record
TN:
SF:src\components\AIChordGenerator.tsx
FN:16,AIChordGenerator
FN:40,(anonymous_11)
FN:41,(anonymous_12)
FN:47,(anonymous_13)
FN:76,(anonymous_14)
FN:137,(anonymous_15)
FN:140,(anonymous_16)
FN:154,(anonymous_17)
FN:157,(anonymous_18)
FN:171,(anonymous_19)
FN:174,(anonymous_20)
FN:189,(anonymous_21)
FN:192,(anonymous_22)
FN:206,(anonymous_23)
FN:222,(anonymous_24)
FNF:15
FNH:15
FNDA:35,AIChordGenerator
FNDA:11,(anonymous_11)
FNDA:11,(anonymous_12)
FNDA:3,(anonymous_13)
FNDA:4,(anonymous_14)
FNDA:1,(anonymous_15)
FNDA:280,(anonymous_16)
FNDA:1,(anonymous_17)
FNDA:280,(anonymous_18)
FNDA:1,(anonymous_19)
FNDA:840,(anonymous_20)
FNDA:1,(anonymous_21)
FNDA:168,(anonymous_22)
FNDA:1,(anonymous_23)
FNDA:6,(anonymous_24)
DA:1,2
DA:2,2
DA:3,2
DA:16,2
DA:17,35
DA:18,35
DA:27,35
DA:31,35
DA:35,35
DA:40,35
DA:41,11
DA:47,35
DA:48,3
DA:49,0
DA:57,0
DA:60,3
DA:62,3
DA:63,3
DA:72,3
DA:74,1
DA:76,4
DA:81,1
DA:96,1
DA:97,1
DA:100,1
DA:101,1
DA:110,2
DA:114,35
DA:116,28
DA:137,1
DA:141,280
DA:154,1
DA:158,280
DA:171,1
DA:175,840
DA:189,1
DA:193,168
DA:206,1
DA:222,6
LF:39
LH:37
BRDA:48,0,0,0
BRDA:114,1,0,7
BRDA:231,2,0,28
BRDA:231,2,1,25
BRDA:233,3,0,21
BRDA:233,3,1,7
BRDA:233,4,0,28
BRDA:233,4,1,25
BRDA:238,5,0,3
BRDA:238,5,1,25
BRF:10
BRH:9
end_of_record
TN:
SF:src\components\AdminRoute.tsx
FN:10,(anonymous_0)
FNF:1
FNH:1
FNDA:4,(anonymous_0)
DA:3,2
DA:4,2
DA:10,2
DA:11,4
DA:13,4
DA:14,0
DA:30,4
DA:31,1
DA:34,3
DA:35,2
DA:38,1
DA:41,2
LF:12
LH:11
BRDA:13,0,0,0
BRDA:30,1,0,1
BRDA:34,2,0,2
BRF:3
BRH:2
end_of_record
TN:
SF:src\components\CallToAction.tsx
FN:3,(anonymous_9)
FN:6,(anonymous_10)
FN:8,(anonymous_11)
FN:19,(anonymous_12)
FN:62,(anonymous_13)
FN:65,(anonymous_14)
FNF:6
FNH:5
FNDA:5,(anonymous_9)
FNDA:5,(anonymous_10)
FNDA:0,(anonymous_11)
FNDA:5,(anonymous_12)
FNDA:1,(anonymous_13)
FNDA:1,(anonymous_14)
DA:1,1
DA:2,1
DA:3,1
DA:4,5
DA:5,5
DA:6,5
DA:7,5
DA:9,0
DA:10,0
DA:11,0
DA:16,5
DA:17,5
DA:19,5
DA:20,5
DA:21,0
DA:25,5
DA:63,1
DA:66,1
DA:81,1
LF:19
LH:15
BRDA:9,0,0,0
BRDA:16,1,0,5
BRDA:20,2,0,0
BRDA:29,3,0,0
BRDA:29,3,1,5
BRDA:40,4,0,0
BRDA:40,4,1,5
BRDA:52,5,0,0
BRDA:52,5,1,5
BRF:9
BRH:4
end_of_record
TN:
SF:src\components\Experience.tsx
FN:2,(anonymous_9)
FN:7,(anonymous_10)
FN:9,(anonymous_11)
FN:10,(anonymous_12)
FN:20,(anonymous_13)
FN:21,(anonymous_14)
FN:24,(anonymous_15)
FN:37,(anonymous_16)
FN:41,(anonymous_17)
FN:46,(anonymous_18)
FN:51,(anonymous_19)
FNF:11
FNH:6
FNDA:7,(anonymous_9)
FNDA:7,(anonymous_10)
FNDA:0,(anonymous_11)
FNDA:0,(anonymous_12)
FNDA:0,(anonymous_13)
FNDA:0,(anonymous_14)
FNDA:0,(anonymous_15)
FNDA:21,(anonymous_16)
FNDA:7,(anonymous_17)
FNDA:28,(anonymous_18)
FNDA:7,(anonymous_19)
DA:1,1
DA:2,1
DA:3,7
DA:4,7
DA:5,7
DA:6,7
DA:7,7
DA:8,7
DA:10,0
DA:11,0
DA:12,0
DA:13,0
DA:19,7
DA:21,0
DA:22,0
DA:23,0
DA:24,0
DA:25,0
DA:26,0
DA:27,0
DA:34,7
DA:35,7
DA:36,7
DA:37,7
DA:38,21
DA:41,7
DA:42,7
DA:43,7
DA:46,28
DA:51,7
DA:56,7
DA:130,1
LF:32
LH:21
BRDA:11,0,0,0
BRDA:23,1,0,0
BRDA:34,2,0,7
BRDA:47,3,0,0
BRDA:47,3,1,28
BRDA:48,4,0,0
BRDA:48,4,1,28
BRDA:52,5,0,0
BRDA:52,5,1,7
BRDA:53,6,0,0
BRDA:53,6,1,7
BRF:11
BRH:5
end_of_record
TN:
SF:src\components\Features.tsx
FN:3,(anonymous_9)
FN:9,(anonymous_10)
FN:9,(anonymous_11)
FN:12,(anonymous_12)
FN:16,(anonymous_13)
FN:17,(anonymous_14)
FN:20,(anonymous_15)
FN:30,(anonymous_16)
FN:32,(anonymous_17)
FN:33,(anonymous_18)
FN:35,(anonymous_19)
FN:36,(anonymous_20)
FN:52,(anonymous_21)
FN:53,(anonymous_22)
FNF:14
FNH:7
FNDA:3,(anonymous_9)
FNDA:9,(anonymous_10)
FNDA:18,(anonymous_11)
FNDA:3,(anonymous_12)
FNDA:0,(anonymous_13)
FNDA:0,(anonymous_14)
FNDA:0,(anonymous_15)
FNDA:9,(anonymous_16)
FNDA:0,(anonymous_17)
FNDA:0,(anonymous_18)
FNDA:0,(anonymous_19)
FNDA:0,(anonymous_20)
FNDA:3,(anonymous_21)
FNDA:12,(anonymous_22)
DA:1,1
DA:2,1
DA:3,1
DA:4,3
DA:5,3
DA:6,3
DA:7,3
DA:8,3
DA:9,9
DA:10,18
DA:12,3
DA:13,3
DA:14,3
DA:15,3
DA:16,3
DA:17,0
DA:18,0
DA:19,0
DA:20,0
DA:21,0
DA:23,0
DA:27,3
DA:28,3
DA:30,3
DA:31,9
DA:32,9
DA:33,0
DA:34,0
DA:35,0
DA:36,0
DA:37,0
DA:38,0
DA:40,0
DA:43,0
DA:47,9
DA:48,9
DA:52,3
DA:53,3
DA:54,12
DA:55,12
DA:60,3
DA:135,1
LF:42
LH:28
BRDA:14,0,0,3
BRDA:15,1,0,3
BRDA:18,2,0,0
BRDA:31,3,0,9
BRDA:34,4,0,0
BRDA:37,5,0,0
BRDA:54,6,0,12
BRDA:65,7,0,0
BRDA:65,7,1,3
BRDA:74,8,0,0
BRDA:74,8,1,3
BRDA:85,9,0,0
BRDA:85,9,1,3
BRDA:101,10,0,0
BRDA:101,10,1,3
BRDA:117,11,0,0
BRDA:117,11,1,3
BRF:17
BRH:9
end_of_record
TN:
SF:src\components\Footer.tsx
FN:2,(anonymous_1)
FNF:1
FNH:1
FNDA:2,(anonymous_1)
DA:1,1
DA:2,1
DA:3,2
DA:11,1
LF:4
LH:4
BRF:0
BRH:0
end_of_record
TN:
SF:src\components\Header.tsx
FN:6,(anonymous_9)
FN:10,(anonymous_10)
FN:31,(anonymous_11)
FN:50,(anonymous_12)
FN:59,(anonymous_13)
FN:68,(anonymous_14)
FN:91,(anonymous_15)
FNF:7
FNH:3
FNDA:61,(anonymous_9)
FNDA:0,(anonymous_10)
FNDA:1,(anonymous_11)
FNDA:0,(anonymous_12)
FNDA:0,(anonymous_13)
FNDA:0,(anonymous_14)
FNDA:1,(anonymous_15)
DA:2,5
DA:3,5
DA:4,5
DA:5,5
DA:6,5
DA:7,61
DA:8,61
DA:9,61
DA:10,61
DA:11,0
DA:13,61
DA:32,1
DA:50,0
DA:59,0
DA:68,0
DA:92,1
DA:110,5
LF:17
LH:13
BRDA:25,0,0,58
BRDA:25,0,1,3
BRDA:28,1,0,58
BRDA:28,1,1,46
BRDA:28,1,2,45
BRDA:52,2,0,1
BRDA:52,2,1,60
BRDA:61,3,0,1
BRDA:61,3,1,60
BRDA:70,4,0,0
BRDA:70,4,1,61
BRDA:78,5,0,58
BRDA:78,5,1,3
BRDA:84,6,0,58
BRDA:84,6,1,15
BRDA:88,7,0,58
BRDA:88,7,1,46
BRDA:88,7,2,45
BRF:18
BRH:17
end_of_record
TN:
SF:src\components\Hero.tsx
FN:12,(anonymous_1)
FNF:1
FNH:1
FNDA:5,(anonymous_1)
DA:1,1
DA:2,1
DA:12,1
DA:19,5
DA:40,1
LF:5
LH:5
BRDA:13,0,0,4
BRDA:14,1,0,4
BRDA:15,2,0,4
BRDA:16,3,0,4
BRDA:17,4,0,4
BRF:5
BRH:5
end_of_record
TN:
SF:src\components\InteractivePiano.tsx
FN:12,(anonymous_9)
FN:25,(anonymous_10)
FN:38,(anonymous_11)
FN:43,(anonymous_12)
FN:70,(anonymous_13)
FN:90,(anonymous_14)
FN:94,(anonymous_15)
FN:95,(anonymous_16)
FN:96,(anonymous_17)
FN:110,(anonymous_18)
FN:127,(anonymous_19)
FN:128,(anonymous_20)
FN:129,(anonymous_21)
FNF:13
FNH:9
FNDA:4,(anonymous_9)
FNDA:4,(anonymous_10)
FNDA:96,(anonymous_11)
FNDA:48,(anonymous_12)
FNDA:48,(anonymous_13)
FNDA:28,(anonymous_14)
FNDA:2,(anonymous_15)
FNDA:0,(anonymous_16)
FNDA:0,(anonymous_17)
FNDA:28,(anonymous_18)
FNDA:2,(anonymous_19)
FNDA:0,(anonymous_20)
FNDA:0,(anonymous_21)
DA:1,1
DA:2,1
DA:12,1
DA:19,4
DA:20,4
DA:22,4
DA:23,4
DA:25,4
DA:26,4
DA:27,4
DA:28,4
DA:30,0
DA:33,4
DA:34,4
DA:38,4
DA:39,96
DA:40,96
DA:43,4
DA:44,48
DA:48,48
DA:49,48
DA:51,48
DA:52,20
DA:53,0
DA:54,20
DA:55,0
DA:57,20
DA:60,28
DA:61,0
DA:62,28
DA:63,0
DA:65,28
DA:70,4
DA:71,48
DA:73,48
DA:74,20
DA:78,28
DA:84,4
DA:91,28
DA:94,2
DA:95,0
DA:96,0
DA:111,28
DA:113,20
DA:114,20
DA:115,20
DA:117,20
DA:118,20
DA:119,20
DA:120,20
DA:122,20
DA:127,2
DA:128,0
DA:129,0
DA:144,1
LF:55
LH:46
BRDA:13,0,0,4
BRDA:15,1,0,4
BRDA:16,2,0,4
BRDA:17,3,0,4
BRDA:26,4,0,4
BRDA:33,5,0,4
BRDA:43,6,0,28
BRDA:44,7,0,20
BRDA:44,7,1,28
BRDA:51,8,0,20
BRDA:51,8,1,28
BRDA:52,9,0,0
BRDA:52,9,1,20
BRDA:54,10,0,0
BRDA:54,10,1,20
BRDA:60,11,0,0
BRDA:60,11,1,28
BRDA:62,12,0,0
BRDA:62,12,1,28
BRDA:70,13,0,28
BRDA:73,14,0,20
BRDA:73,14,1,28
BRDA:75,15,0,0
BRDA:75,15,1,20
BRDA:79,16,0,0
BRDA:79,16,1,28
BRDA:98,17,0,28
BRDA:98,17,1,28
BRDA:111,18,0,8
BRDA:115,19,0,0
BRDA:131,20,0,20
BRDA:131,20,1,20
BRF:32
BRH:25
end_of_record
TN:
SF:src\components\LandingLayout.tsx
FN:5,(anonymous_1)
FNF:1
FNH:1
FNDA:3,(anonymous_1)
DA:1,1
DA:5,1
DA:6,3
DA:12,1
LF:4
LH:4
BRF:0
BRH:0
end_of_record
TN:
SF:src\components\MIDITroubleshooting.tsx
FN:12,(anonymous_9)
FN:21,(anonymous_10)
FN:34,(anonymous_11)
FN:114,(anonymous_12)
FN:137,(anonymous_13)
FN:147,(anonymous_14)
FNF:6
FNH:5
FNDA:13,(anonymous_9)
FNDA:2,(anonymous_10)
FNDA:13,(anonymous_11)
FNDA:53,(anonymous_12)
FNDA:1,(anonymous_13)
FNDA:0,(anonymous_14)
DA:1,1
DA:2,1
DA:3,1
DA:12,1
DA:18,13
DA:19,13
DA:21,13
DA:22,2
DA:23,2
DA:24,2
DA:25,2
DA:26,2
DA:28,0
DA:30,2
DA:34,13
DA:35,13
DA:37,13
DA:38,1
DA:44,12
DA:45,10
DA:93,2
DA:101,13
DA:104,13
DA:106,13
DA:115,53
DA:138,1
DA:148,0
DA:179,1
LF:28
LH:26
BRDA:28,0,0,0
BRDA:28,0,1,0
BRDA:37,1,0,1
BRDA:37,1,1,12
BRDA:44,2,0,10
BRDA:44,2,1,2
BRDA:87,3,0,2
BRDA:87,3,1,8
BRDA:120,4,0,53
BRDA:120,4,1,20
BRDA:127,5,0,13
BRDA:127,5,1,2
BRDA:131,6,0,2
BRDA:131,6,1,0
BRDA:132,7,0,2
BRDA:132,7,1,0
BRDA:134,8,0,2
BRDA:134,8,1,2
BRDA:134,8,2,1
BRDA:144,9,0,2
BRDA:144,9,1,2
BRDA:144,9,2,0
BRDA:158,10,0,13
BRDA:158,10,1,2
BRF:24
BRH:19
end_of_record
TN:
SF:src\components\PianoTest.tsx
FN:5,(anonymous_10)
FN:12,(anonymous_11)
FN:22,(anonymous_12)
FN:23,(anonymous_13)
FN:25,(anonymous_14)
FN:32,(anonymous_15)
FN:42,(anonymous_16)
FN:46,(anonymous_17)
FN:48,(anonymous_18)
FN:50,(anonymous_19)
FN:84,(anonymous_20)
FN:94,(anonymous_21)
FN:97,(anonymous_22)
FNF:13
FNH:11
FNDA:20,(anonymous_10)
FNDA:0,(anonymous_11)
FNDA:7,(anonymous_12)
FNDA:7,(anonymous_13)
FNDA:1,(anonymous_14)
FNDA:1,(anonymous_15)
FNDA:1,(anonymous_16)
FNDA:1,(anonymous_17)
FNDA:1,(anonymous_18)
FNDA:0,(anonymous_19)
FNDA:1,(anonymous_20)
FNDA:240,(anonymous_21)
FNDA:7,(anonymous_22)
DA:1,1
DA:2,1
DA:3,1
DA:5,1
DA:6,20
DA:7,20
DA:8,20
DA:10,20
DA:12,20
DA:13,0
DA:15,0
DA:16,0
DA:18,0
DA:22,20
DA:23,7
DA:24,7
DA:25,1
DA:27,6
DA:32,20
DA:33,1
DA:35,1
DA:36,1
DA:38,0
DA:42,20
DA:43,1
DA:46,20
DA:47,1
DA:48,1
DA:49,1
DA:50,0
DA:52,1
DA:57,20
DA:84,1
DA:95,240
DA:97,7
DA:141,1
LF:36
LH:30
BRDA:13,0,0,0
BRDA:24,1,0,1
BRDA:24,1,1,6
BRDA:33,2,0,0
BRDA:33,3,0,1
BRDA:33,3,1,1
BRDA:49,4,0,0
BRDA:49,4,1,1
BRDA:63,5,0,1
BRDA:63,5,1,19
BRDA:63,6,0,17
BRDA:63,6,1,2
BRDA:83,7,0,1
BRDA:83,7,1,19
BRDA:99,8,0,7
BRDA:99,8,1,233
BRDA:112,9,0,20
BRDA:112,9,1,17
BRF:18
BRH:15
end_of_record
TN:
SF:src\components\ProtectedRoute.tsx
FN:8,(anonymous_0)
FNF:1
FNH:1
FNDA:3,(anonymous_0)
DA:3,2
DA:4,2
DA:8,2
DA:9,3
DA:10,3
DA:11,1
DA:13,2
DA:14,1
DA:16,1
DA:18,2
LF:10
LH:10
BRDA:10,0,0,1
BRDA:13,1,0,1
BRF:2
BRH:2
end_of_record
TN:
SF:src\context\AuthContext.tsx
FN:36,useAuth
FN:48,AuthProvider
FN:55,(anonymous_2)
FN:56,(anonymous_3)
FN:93,(anonymous_4)
FN:94,(anonymous_5)
FN:102,register
FN:138,login
FN:152,logout
FN:166,signInWithGoogle
FN:206,signInWithFacebook
FN:246,updateProfileInContext
FN:261,(anonymous_12)
FNF:13
FNH:6
FNDA:57,useAuth
FNDA:11,AuthProvider
FNDA:7,(anonymous_2)
FNDA:7,(anonymous_3)
FNDA:5,(anonymous_4)
FNDA:4,(anonymous_5)
FNDA:0,register
FNDA:0,login
FNDA:0,logout
FNDA:0,signInWithGoogle
FNDA:0,signInWithFacebook
FNDA:0,updateProfileInContext
FNDA:0,(anonymous_12)
DA:3,13
DA:4,13
DA:15,13
DA:16,13
DA:34,13
DA:36,13
DA:37,57
DA:38,57
DA:39,0
DA:41,57
DA:48,13
DA:49,11
DA:50,11
DA:51,11
DA:52,11
DA:55,11
DA:56,7
DA:57,7
DA:58,2
DA:59,2
DA:60,2
DA:62,1
DA:79,1
DA:81,2
DA:83,0
DA:86,5
DA:90,7
DA:93,11
DA:94,5
DA:95,4
DA:96,4
DA:99,5
DA:103,0
DA:104,0
DA:105,0
DA:106,0
DA:107,0
DA:110,0
DA:129,0
DA:130,0
DA:132,0
DA:134,0
DA:139,0
DA:140,0
DA:141,0
DA:143,0
DA:144,0
DA:146,0
DA:148,0
DA:153,0
DA:154,0
DA:155,0
DA:157,0
DA:158,0
DA:160,0
DA:162,0
DA:167,0
DA:168,0
DA:169,0
DA:170,0
DA:171,0
DA:173,0
DA:174,0
DA:176,0
DA:197,0
DA:198,0
DA:200,0
DA:202,0
DA:207,0
DA:208,0
DA:209,0
DA:210,0
DA:211,0
DA:213,0
DA:214,0
DA:216,0
DA:237,0
DA:238,0
DA:240,0
DA:242,0
DA:247,0
DA:248,0
DA:249,0
DA:250,0
DA:251,0
DA:252,0
DA:255,0
DA:261,11
DA:262,0
DA:263,0
DA:264,0
DA:265,0
DA:266,0
DA:267,0
DA:268,0
DA:271,0
DA:274,0
DA:277,11
DA:292,11
LF:99
LH:33
BRDA:38,0,0,0
BRDA:57,1,0,2
BRDA:57,1,1,5
BRDA:60,2,0,1
BRDA:64,3,0,1
BRDA:64,3,1,0
BRDA:65,4,0,1
BRDA:65,4,1,0
BRDA:66,5,0,1
BRDA:66,5,1,1
BRDA:106,6,0,0
BRDA:112,7,0,0
BRDA:112,7,1,0
BRDA:113,8,0,0
BRDA:113,8,1,0
BRDA:114,9,0,0
BRDA:114,9,1,0
BRDA:129,10,0,0
BRDA:129,10,1,0
BRDA:143,11,0,0
BRDA:143,11,1,0
BRDA:157,12,0,0
BRDA:157,12,1,0
BRDA:171,13,0,0
BRDA:174,14,0,0
BRDA:178,15,0,0
BRDA:178,15,1,0
BRDA:179,16,0,0
BRDA:179,16,1,0
BRDA:180,17,0,0
BRDA:180,17,1,0
BRDA:197,18,0,0
BRDA:197,18,1,0
BRDA:211,19,0,0
BRDA:214,20,0,0
BRDA:218,21,0,0
BRDA:218,21,1,0
BRDA:219,22,0,0
BRDA:219,22,1,0
BRDA:220,23,0,0
BRDA:220,23,1,0
BRDA:237,24,0,0
BRDA:237,24,1,0
BRDA:247,25,0,0
BRDA:250,26,0,0
BRDA:262,27,0,0
BRDA:265,28,0,0
BRDA:292,29,0,11
BRDA:292,29,1,6
BRF:49
BRH:9
end_of_record
TN:
SF:src\firebase\config.ts
FNF:0
FNH:0
DA:5,0
DA:14,0
DA:15,0
DA:16,0
LF:4
LH:0
BRF:0
BRH:0
end_of_record
TN:
SF:src\firebase\songService.ts
FN:19,(anonymous_0)
FN:29,(anonymous_1)
FN:37,(anonymous_2)
FN:41,(anonymous_3)
FN:50,(anonymous_4)
FN:65,(anonymous_5)
FN:74,(anonymous_6)
FN:82,(anonymous_7)
FN:93,(anonymous_8)
FN:104,(anonymous_9)
FN:115,(anonymous_10)
FN:146,(anonymous_11)
FNF:12
FNH:10
FNDA:2,(anonymous_0)
FNDA:2,(anonymous_1)
FNDA:2,(anonymous_2)
FNDA:1,(anonymous_3)
FNDA:3,(anonymous_4)
FNDA:2,(anonymous_5)
FNDA:1,(anonymous_6)
FNDA:2,(anonymous_7)
FNDA:3,(anonymous_8)
FNDA:4,(anonymous_9)
FNDA:0,(anonymous_10)
FNDA:0,(anonymous_11)
DA:1,6
DA:2,6
DA:19,6
DA:20,2
DA:21,2
DA:22,1
DA:24,1
DA:25,1
DA:29,6
DA:30,2
DA:31,2
DA:35,2
DA:36,2
DA:37,2
DA:38,2
DA:39,2
DA:41,2
DA:42,1
DA:45,0
DA:46,0
DA:50,6
DA:51,3
DA:52,3
DA:53,3
DA:54,1
DA:55,1
DA:57,2
DA:60,0
DA:61,0
DA:65,6
DA:66,2
DA:67,2
DA:69,1
DA:70,1
DA:74,6
DA:75,1
DA:76,1
DA:80,1
DA:81,1
DA:82,1
DA:83,2
DA:84,2
DA:86,1
DA:88,0
DA:89,0
DA:93,6
DA:94,3
DA:95,3
DA:96,3
DA:97,3
DA:99,3
DA:100,1
DA:103,2
DA:104,2
DA:105,4
DA:107,2
DA:109,1
DA:110,1
DA:115,6
DA:116,0
DA:117,0
DA:121,0
DA:122,0
DA:124,0
DA:125,0
DA:126,0
DA:129,0
DA:130,0
DA:131,0
DA:132,0
DA:134,0
DA:135,0
DA:139,0
DA:141,0
DA:142,0
DA:146,6
DA:147,0
DA:148,0
DA:150,0
DA:151,0
LF:80
LH:54
BRDA:53,0,0,1
BRDA:53,0,1,2
BRDA:99,1,0,1
BRDA:131,2,0,0
BRDA:131,2,1,0
BRF:5
BRH:3
end_of_record
TN:
SF:src\firebase\storageService.ts
FN:9,(anonymous_0)
FN:28,(anonymous_1)
FNF:2
FNH:2
FNDA:4,(anonymous_0)
FNDA:4,(anonymous_1)
DA:1,1
DA:2,1
DA:3,1
DA:6,1
DA:9,1
DA:10,4
DA:11,1
DA:14,3
DA:15,3
DA:17,3
DA:18,3
DA:19,2
DA:20,2
DA:22,1
DA:23,1
DA:28,1
DA:29,4
DA:30,1
DA:33,3
DA:34,1
DA:37,2
DA:38,2
DA:40,2
DA:41,2
DA:42,1
DA:43,1
DA:45,1
DA:46,1
LF:28
LH:28
BRDA:10,0,0,1
BRDA:29,1,0,1
BRDA:33,2,0,1
BRF:3
BRH:3
end_of_record
TN:
SF:src\firebase\userService.ts
FN:20,(anonymous_0)
FN:38,(anonymous_1)
FN:52,(anonymous_2)
FN:61,(anonymous_3)
FN:72,(anonymous_4)
FNF:5
FNH:3
FNDA:3,(anonymous_0)
FNDA:4,(anonymous_1)
FNDA:2,(anonymous_2)
FNDA:0,(anonymous_3)
FNDA:0,(anonymous_4)
DA:1,15
DA:2,15
DA:20,15
DA:21,3
DA:22,3
DA:23,3
DA:24,3
DA:25,2
DA:31,1
DA:34,1
DA:35,1
DA:38,15
DA:39,4
DA:40,4
DA:41,4
DA:42,3
DA:43,2
DA:45,1
DA:48,1
DA:49,1
DA:52,15
DA:53,2
DA:54,2
DA:55,2
DA:57,1
DA:58,1
DA:61,15
DA:62,0
DA:63,0
DA:64,0
DA:66,0
DA:67,0
DA:72,15
DA:73,0
DA:74,0
DA:75,0
DA:77,0
DA:78,0
LF:38
LH:28
BRDA:24,0,0,2
BRDA:24,0,1,1
BRDA:27,1,0,2
BRDA:27,1,1,2
BRDA:42,2,0,2
BRDA:42,2,1,1
BRF:6
BRH:6
end_of_record
TN:
SF:src\firebase\__tests__\__mocks__.ts
FN:29,(anonymous_0)
FN:30,(anonymous_1)
FNF:2
FNH:0
FNDA:0,(anonymous_0)
FNDA:0,(anonymous_1)
DA:1,0
DA:6,0
DA:10,0
DA:16,0
DA:20,0
DA:24,0
DA:28,0
DA:29,0
DA:30,0
LF:9
LH:0
BRF:0
BRH:0
end_of_record
TN:
SF:src\firebase\__tests__\setup.ts
FN:7,(anonymous_0)
FN:8,(anonymous_1)
FNF:2
FNH:0
FNDA:0,(anonymous_0)
FNDA:0,(anonymous_1)
DA:2,0
DA:6,0
DA:7,0
DA:8,0
DA:12,0
DA:16,0
DA:21,0
DA:26,0
DA:30,0
LF:9
LH:0
BRF:0
BRH:0
end_of_record
TN:
SF:src\hooks\useMIDI.ts
FN:20,(anonymous_0)
FN:34,(anonymous_1)
FN:37,(anonymous_2)
FN:41,(anonymous_3)
FN:52,(anonymous_4)
FN:58,(anonymous_5)
FN:66,(anonymous_6)
FN:75,(anonymous_7)
FN:81,(anonymous_8)
FN:85,(anonymous_9)
FN:98,(anonymous_10)
FN:102,(anonymous_11)
FN:109,(anonymous_12)
FN:114,(anonymous_13)
FN:124,(anonymous_14)
FN:134,(anonymous_15)
FN:157,(anonymous_16)
FN:161,(anonymous_17)
FN:171,(anonymous_18)
FN:174,(anonymous_19)
FN:184,(anonymous_20)
FN:191,(anonymous_21)
FN:198,(anonymous_22)
FN:206,(anonymous_23)
FNF:24
FNH:6
FNDA:6,(anonymous_0)
FNDA:3,(anonymous_1)
FNDA:3,(anonymous_2)
FNDA:0,(anonymous_3)
FNDA:0,(anonymous_4)
FNDA:0,(anonymous_5)
FNDA:0,(anonymous_6)
FNDA:0,(anonymous_7)
FNDA:0,(anonymous_8)
FNDA:0,(anonymous_9)
FNDA:0,(anonymous_10)
FNDA:0,(anonymous_11)
FNDA:0,(anonymous_12)
FNDA:0,(anonymous_13)
FNDA:0,(anonymous_14)
FNDA:0,(anonymous_15)
FNDA:0,(anonymous_16)
FNDA:0,(anonymous_17)
FNDA:1,(anonymous_18)
FNDA:0,(anonymous_19)
FNDA:0,(anonymous_20)
FNDA:0,(anonymous_21)
FNDA:1,(anonymous_22)
FNDA:1,(anonymous_23)
DA:1,1
DA:20,1
DA:21,6
DA:30,6
DA:31,6
DA:34,6
DA:35,3
DA:36,3
DA:37,3
DA:41,6
DA:42,0
DA:52,6
DA:53,0
DA:55,0
DA:56,0
DA:58,0
DA:59,0
DA:60,0
DA:61,0
DA:64,0
DA:66,0
DA:75,6
DA:76,0
DA:78,0
DA:79,0
DA:80,0
DA:81,0
DA:82,0
DA:85,0
DA:87,0
DA:88,0
DA:89,0
DA:90,0
DA:92,0
DA:95,0
DA:98,0
DA:99,0
DA:102,0
DA:103,0
DA:104,0
DA:109,0
DA:110,0
DA:112,0
DA:113,0
DA:114,0
DA:119,0
DA:124,6
DA:125,0
DA:126,0
DA:127,0
DA:129,0
DA:134,6
DA:135,0
DA:137,0
DA:138,0
DA:139,0
DA:142,0
DA:143,0
DA:144,0
DA:145,0
DA:148,0
DA:151,0
DA:152,0
DA:153,0
DA:156,0
DA:157,0
DA:159,0
DA:161,0
DA:167,0
DA:171,6
DA:172,1
DA:173,0
DA:174,0
DA:175,0
DA:176,0
DA:179,1
DA:184,6
DA:185,0
DA:186,0
DA:187,0
DA:188,0
DA:191,0
DA:198,6
DA:199,1
DA:200,1
DA:201,1
DA:202,1
DA:206,6
DA:207,1
DA:208,1
DA:209,1
DA:210,1
DA:211,1
DA:214,6
LF:94
LH:30
BRDA:44,0,0,0
BRDA:44,0,1,0
BRDA:45,1,0,0
BRDA:45,1,1,0
BRDA:78,2,0,0
BRDA:103,3,0,0
BRDA:113,4,0,0
BRDA:113,4,1,0
BRDA:126,5,0,0
BRDA:126,5,1,0
BRDA:137,6,0,0
BRDA:143,7,0,0
BRDA:151,8,0,0
BRDA:163,9,0,0
BRDA:163,9,1,0
BRDA:172,10,0,0
BRDA:172,10,1,1
BRDA:186,11,0,0
BRF:18
BRH:1
end_of_record
TN:
SF:src\hooks\usePiano.ts
FN:15,(anonymous_1)
FN:19,(anonymous_2)
FN:33,(anonymous_3)
FN:40,(anonymous_4)
FN:47,(anonymous_5)
FN:51,(anonymous_6)
FN:55,(anonymous_7)
FN:60,(anonymous_8)
FNF:8
FNH:0
FNDA:0,(anonymous_1)
FNDA:0,(anonymous_2)
FNDA:0,(anonymous_3)
FNDA:0,(anonymous_4)
FNDA:0,(anonymous_5)
FNDA:0,(anonymous_6)
FNDA:0,(anonymous_7)
FNDA:0,(anonymous_8)
DA:1,1
DA:2,1
DA:15,1
DA:16,0
DA:17,0
DA:19,0
DA:20,0
DA:22,0
DA:23,0
DA:24,0
DA:25,0
DA:27,0
DA:29,0
DA:33,0
DA:34,0
DA:35,0
DA:37,0
DA:40,0
DA:41,0
DA:42,0
DA:44,0
DA:47,0
DA:48,0
DA:51,0
DA:52,0
DA:55,0
DA:56,0
DA:60,0
DA:61,0
DA:62,0
DA:66,0
LF:31
LH:3
BRDA:20,0,0,0
BRDA:20,1,0,0
BRDA:20,1,1,0
BRDA:33,2,0,0
BRDA:33,3,0,0
BRDA:34,4,0,0
BRDA:40,5,0,0
BRDA:40,6,0,0
BRDA:41,7,0,0
BRDA:51,8,0,0
BRDA:61,9,0,0
BRDA:61,10,0,0
BRDA:61,10,1,0
BRF:13
BRH:0
end_of_record
TN:
SF:src\pages\AdminSongManagementPage.tsx
FN:15,(anonymous_10)
FN:21,(anonymous_11)
FN:28,(anonymous_12)
FN:49,(anonymous_13)
FN:66,(anonymous_14)
FN:88,(anonymous_15)
FN:160,(anonymous_16)
FN:171,(anonymous_17)
FN:175,(anonymous_18)
FN:198,(anonymous_19)
FN:211,(anonymous_20)
FN:214,(anonymous_21)
FNF:12
FNH:8
FNDA:13,(anonymous_10)
FNDA:7,(anonymous_11)
FNDA:6,(anonymous_12)
FNDA:1,(anonymous_13)
FNDA:2,(anonymous_14)
FNDA:5,(anonymous_15)
FNDA:5,(anonymous_16)
FNDA:0,(anonymous_17)
FNDA:0,(anonymous_18)
FNDA:1,(anonymous_19)
FNDA:0,(anonymous_20)
FNDA:0,(anonymous_21)
DA:2,1
DA:3,1
DA:4,1
DA:5,1
DA:6,1
DA:7,1
DA:8,1
DA:15,1
DA:16,13
DA:17,13
DA:18,13
DA:19,13
DA:21,13
DA:23,7
DA:24,1
DA:25,1
DA:28,6
DA:29,6
DA:30,6
DA:31,4
DA:33,1
DA:34,1
DA:42,5
DA:46,6
DA:49,13
DA:50,1
DA:51,1
DA:64,1
DA:65,1
DA:66,2
DA:68,1
DA:77,0
DA:78,0
DA:88,13
DA:89,5
DA:90,5
DA:91,5
DA:99,0
DA:103,13
DA:104,7
DA:120,6
DA:121,0
DA:124,6
DA:161,5
DA:172,0
DA:173,0
DA:176,0
DA:177,0
DA:199,1
DA:200,1
DA:212,0
DA:215,0
DA:269,1
LF:53
LH:43
BRDA:23,0,0,1
BRDA:23,1,0,7
BRDA:23,1,1,7
BRDA:64,2,0,1
BRDA:103,3,0,7
BRDA:120,4,0,0
BRDA:120,5,0,6
BRDA:120,5,1,6
BRDA:144,6,0,3
BRDA:144,6,1,3
BRDA:258,7,0,5
BRDA:258,7,1,0
BRF:12
BRH:10
end_of_record
TN:
SF:src\pages\CreateSongPage.tsx
FN:48,(anonymous_1)
FN:49,(anonymous_2)
FN:64,(anonymous_3)
FN:70,(anonymous_4)
FN:73,(anonymous_5)
FN:75,(anonymous_6)
FN:81,(anonymous_7)
FN:84,(anonymous_8)
FN:92,CreateSongPage
FN:118,(anonymous_10)
FN:121,(anonymous_11)
FN:129,(anonymous_12)
FN:133,(anonymous_13)
FN:140,(anonymous_14)
FN:144,(anonymous_15)
FN:145,(anonymous_16)
FN:147,(anonymous_17)
FN:154,(anonymous_18)
FN:157,(anonymous_19)
FN:165,(anonymous_20)
FN:171,(anonymous_21)
FN:176,(anonymous_22)
FN:177,(anonymous_23)
FN:177,(anonymous_24)
FN:180,(anonymous_25)
FN:185,(anonymous_26)
FN:239,(anonymous_27)
FN:257,(anonymous_28)
FN:259,(anonymous_29)
FN:264,(anonymous_30)
FN:285,(anonymous_31)
FN:286,(anonymous_32)
FN:296,(anonymous_33)
FN:305,(anonymous_34)
FN:314,(anonymous_35)
FN:335,(anonymous_36)
FN:342,(anonymous_37)
FN:354,(anonymous_38)
FN:372,(anonymous_39)
FN:375,(anonymous_40)
FN:376,(anonymous_41)
FN:378,(anonymous_42)
FN:385,(anonymous_43)
FN:387,(anonymous_44)
FN:423,(anonymous_45)
FN:428,(anonymous_46)
FN:469,(anonymous_47)
FN:471,(anonymous_48)
FN:486,(anonymous_49)
FN:498,(anonymous_50)
FN:511,(anonymous_51)
FN:528,(anonymous_52)
FN:541,(anonymous_53)
FN:569,(anonymous_54)
FN:570,(anonymous_55)
FN:587,(anonymous_56)
FN:607,(anonymous_57)
FN:617,(anonymous_58)
FN:634,(anonymous_59)
FN:637,(anonymous_60)
FN:658,(anonymous_61)
FN:674,(anonymous_62)
FN:684,(anonymous_63)
FN:694,(anonymous_64)
FN:711,(anonymous_65)
FN:714,(anonymous_66)
FN:728,(anonymous_67)
FN:734,(anonymous_68)
FN:743,(anonymous_69)
FN:752,(anonymous_70)
FN:770,(anonymous_71)
FN:776,(anonymous_72)
FN:785,(anonymous_73)
FN:794,(anonymous_74)
FN:835,(anonymous_75)
FN:841,(anonymous_76)
FN:851,(anonymous_77)
FN:860,(anonymous_78)
FN:880,(anonymous_79)
FN:886,(anonymous_80)
FN:896,(anonymous_81)
FN:905,(anonymous_82)
FN:922,(anonymous_83)
FN:928,(anonymous_84)
FN:938,(anonymous_85)
FN:947,(anonymous_86)
FN:992,(anonymous_87)
FN:993,(anonymous_88)
FN:1005,(anonymous_89)
FN:1011,(anonymous_90)
FN:1038,(anonymous_91)
FNF:91
FNH:34
FNDA:6,(anonymous_1)
FNDA:0,(anonymous_2)
FNDA:0,(anonymous_3)
FNDA:3,(anonymous_4)
FNDA:0,(anonymous_5)
FNDA:0,(anonymous_6)
FNDA:3,(anonymous_7)
FNDA:21,(anonymous_8)
FNDA:6,CreateSongPage
FNDA:6,(anonymous_10)
FNDA:42,(anonymous_11)
FNDA:6,(anonymous_12)
FNDA:30,(anonymous_13)
FNDA:0,(anonymous_14)
FNDA:1,(anonymous_15)
FNDA:1,(anonymous_16)
FNDA:0,(anonymous_17)
FNDA:1,(anonymous_18)
FNDA:0,(anonymous_19)
FNDA:1,(anonymous_20)
FNDA:0,(anonymous_21)
FNDA:0,(anonymous_22)
FNDA:0,(anonymous_23)
FNDA:0,(anonymous_24)
FNDA:0,(anonymous_25)
FNDA:1,(anonymous_26)
FNDA:0,(anonymous_27)
FNDA:1,(anonymous_28)
FNDA:1,(anonymous_29)
FNDA:1,(anonymous_30)
FNDA:7,(anonymous_31)
FNDA:7,(anonymous_32)
FNDA:1,(anonymous_33)
FNDA:7,(anonymous_34)
FNDA:7,(anonymous_35)
FNDA:0,(anonymous_36)
FNDA:0,(anonymous_37)
FNDA:0,(anonymous_38)
FNDA:1,(anonymous_39)
FNDA:0,(anonymous_40)
FNDA:0,(anonymous_41)
FNDA:0,(anonymous_42)
FNDA:0,(anonymous_43)
FNDA:0,(anonymous_44)
FNDA:0,(anonymous_45)
FNDA:0,(anonymous_46)
FNDA:0,(anonymous_47)
FNDA:0,(anonymous_48)
FNDA:0,(anonymous_49)
FNDA:0,(anonymous_50)
FNDA:0,(anonymous_51)
FNDA:0,(anonymous_52)
FNDA:0,(anonymous_53)
FNDA:0,(anonymous_54)
FNDA:0,(anonymous_55)
FNDA:1,(anonymous_56)
FNDA:0,(anonymous_57)
FNDA:180,(anonymous_58)
FNDA:0,(anonymous_59)
FNDA:48,(anonymous_60)
FNDA:0,(anonymous_61)
FNDA:0,(anonymous_62)
FNDA:0,(anonymous_63)
FNDA:0,(anonymous_64)
FNDA:0,(anonymous_65)
FNDA:12,(anonymous_66)
FNDA:42,(anonymous_67)
FNDA:1,(anonymous_68)
FNDA:42,(anonymous_69)
FNDA:0,(anonymous_70)
FNDA:0,(anonymous_71)
FNDA:0,(anonymous_72)
FNDA:0,(anonymous_73)
FNDA:0,(anonymous_74)
FNDA:42,(anonymous_75)
FNDA:0,(anonymous_76)
FNDA:30,(anonymous_77)
FNDA:0,(anonymous_78)
FNDA:0,(anonymous_79)
FNDA:0,(anonymous_80)
FNDA:0,(anonymous_81)
FNDA:0,(anonymous_82)
FNDA:0,(anonymous_83)
FNDA:0,(anonymous_84)
FNDA:0,(anonymous_85)
FNDA:0,(anonymous_86)
FNDA:1,(anonymous_87)
FNDA:1,(anonymous_88)
FNDA:0,(anonymous_89)
FNDA:0,(anonymous_90)
FNDA:0,(anonymous_91)
DA:2,1
DA:3,1
DA:4,1
DA:5,1
DA:6,1
DA:7,1
DA:8,1
DA:9,1
DA:17,1
DA:48,1
DA:49,6
DA:50,0
DA:51,0
DA:52,0
DA:53,0
DA:65,0
DA:66,0
DA:70,6
DA:71,3
DA:72,3
DA:73,3
DA:74,0
DA:75,0
DA:76,0
DA:77,0
DA:80,3
DA:81,3
DA:82,3
DA:83,3
DA:84,3
DA:85,21
DA:89,6
DA:92,1
DA:93,6
DA:94,6
DA:95,6
DA:96,6
DA:97,6
DA:98,6
DA:99,6
DA:100,6
DA:101,6
DA:102,6
DA:103,6
DA:104,6
DA:105,6
DA:106,6
DA:107,6
DA:108,6
DA:109,6
DA:112,6
DA:114,6
DA:115,6
DA:118,6
DA:119,6
DA:120,6
DA:121,6
DA:122,42
DA:125,6
DA:129,6
DA:130,6
DA:131,6
DA:132,6
DA:133,6
DA:134,30
DA:137,6
DA:140,6
DA:141,0
DA:144,6
DA:145,1
DA:146,1
DA:147,0
DA:149,1
DA:154,6
DA:155,1
DA:156,1
DA:157,0
DA:158,0
DA:159,0
DA:160,0
DA:162,0
DA:164,1
DA:165,1
DA:167,1
DA:171,6
DA:172,0
DA:173,0
DA:176,6
DA:177,0
DA:180,6
DA:181,0
DA:182,0
DA:185,6
DA:186,1
DA:187,1
DA:195,1
DA:197,0
DA:198,0
DA:206,0
DA:208,0
DA:209,0
DA:217,0
DA:219,0
DA:220,0
DA:221,0
DA:231,0
DA:232,0
DA:240,0
DA:243,0
DA:244,0
DA:253,0
DA:257,6
DA:259,1
DA:260,1
DA:263,1
DA:264,1
DA:265,1
DA:266,1
DA:267,1
DA:268,1
DA:270,1
DA:274,1
DA:275,1
DA:276,1
DA:277,1
DA:278,1
DA:279,1
DA:280,1
DA:281,1
DA:284,1
DA:285,7
DA:286,7
DA:289,1
DA:296,1
DA:297,1
DA:306,7
DA:315,7
DA:316,5
DA:317,5
DA:318,5
DA:319,5
DA:320,5
DA:322,5
DA:323,5
DA:335,1
DA:337,0
DA:338,0
DA:343,0
DA:344,0
DA:355,0
DA:357,0
DA:358,0
DA:372,1
DA:375,6
DA:376,0
DA:377,0
DA:378,0
DA:380,0
DA:385,6
DA:386,0
DA:387,0
DA:389,0
DA:417,0
DA:423,0
DA:424,0
DA:428,6
DA:430,0
DA:433,0
DA:437,0
DA:439,0
DA:442,0
DA:469,0
DA:470,0
DA:471,0
DA:475,0
DA:480,0
DA:481,0
DA:482,0
DA:483,0
DA:486,0
DA:487,0
DA:488,0
DA:494,0
DA:499,0
DA:500,0
DA:501,0
DA:511,0
DA:529,0
DA:530,0
DA:531,0
DA:541,0
DA:569,6
DA:570,0
DA:574,6
DA:575,6
DA:577,6
DA:587,1
DA:607,0
DA:618,180
DA:634,0
DA:638,48
DA:658,0
DA:674,0
DA:684,0
DA:694,0
DA:711,0
DA:715,12
DA:729,42
DA:730,42
DA:731,42
DA:734,1
DA:744,42
DA:745,30
DA:746,30
DA:747,30
DA:748,30
DA:749,30
DA:752,0
DA:771,0
DA:772,0
DA:773,0
DA:776,0
DA:786,0
DA:787,0
DA:788,0
DA:789,0
DA:790,0
DA:791,0
DA:794,0
DA:836,42
DA:837,42
DA:838,42
DA:841,0
DA:852,30
DA:853,30
DA:854,30
DA:855,30
DA:857,30
DA:860,0
DA:881,0
DA:882,0
DA:883,0
DA:886,0
DA:897,0
DA:898,0
DA:899,0
DA:900,0
DA:902,0
DA:905,0
DA:923,0
DA:924,0
DA:925,0
DA:928,0
DA:939,0
DA:940,0
DA:941,0
DA:942,0
DA:944,0
DA:947,0
DA:993,1
DA:994,1
DA:995,1
DA:1005,0
DA:1011,0
DA:1038,0
LF:265
LH:141
BRDA:65,0,0,0
BRDA:65,1,0,0
BRDA:65,1,1,0
BRDA:72,2,0,0
BRDA:146,3,0,0
BRDA:146,3,1,1
BRDA:155,4,0,1
BRDA:156,5,0,0
BRDA:156,5,1,1
BRDA:186,6,0,1
BRDA:197,7,0,0
BRDA:208,8,0,0
BRDA:257,9,0,0
BRDA:267,10,0,1
BRDA:298,11,0,1
BRDA:298,11,1,0
BRDA:308,12,0,1
BRDA:308,12,1,6
BRDA:315,13,0,2
BRDA:318,14,0,0
BRDA:326,15,0,0
BRDA:326,15,1,5
BRDA:347,16,0,0
BRDA:347,16,1,0
BRDA:361,17,0,0
BRDA:361,17,1,0
BRDA:372,18,0,0
BRDA:372,18,1,1
BRDA:377,19,0,0
BRDA:377,19,1,0
BRDA:386,20,0,0
BRDA:418,21,0,0
BRDA:418,21,1,0
BRDA:470,22,0,0
BRDA:473,23,0,0
BRDA:473,23,1,0
BRDA:507,24,0,0
BRDA:507,24,1,0
BRDA:509,25,0,0
BRDA:509,25,1,0
BRDA:518,26,0,0
BRDA:518,26,1,0
BRDA:519,27,0,0
BRDA:519,27,1,0
BRDA:537,28,0,0
BRDA:537,28,1,0
BRDA:539,29,0,0
BRDA:539,29,1,0
BRDA:548,30,0,0
BRDA:548,30,1,0
BRDA:549,31,0,0
BRDA:549,31,1,0
BRDA:561,32,0,0
BRDA:561,32,1,0
BRDA:676,33,0,0
BRDA:676,33,1,6
BRDA:686,34,0,6
BRDA:686,34,1,0
BRDA:703,35,0,0
BRDA:703,35,1,6
BRDA:735,36,0,1
BRDA:735,36,1,41
BRDA:735,37,0,6
BRDA:735,37,1,36
BRDA:737,38,0,1
BRDA:737,38,1,41
BRDA:744,39,0,12
BRDA:753,40,0,0
BRDA:753,40,1,30
BRDA:764,41,0,6
BRDA:764,41,1,0
BRDA:777,42,0,0
BRDA:777,42,1,0
BRDA:777,43,0,0
BRDA:777,43,1,0
BRDA:779,44,0,0
BRDA:779,44,1,0
BRDA:786,45,0,0
BRDA:795,46,0,0
BRDA:795,46,1,0
BRDA:815,47,0,0
BRDA:815,47,1,6
BRDA:817,48,0,6
BRDA:817,48,1,0
BRDA:828,49,0,6
BRDA:828,49,1,0
BRDA:842,50,0,1
BRDA:842,50,1,41
BRDA:842,51,0,6
BRDA:842,51,1,36
BRDA:844,52,0,1
BRDA:844,52,1,41
BRDA:861,53,0,0
BRDA:861,53,1,30
BRDA:887,54,0,0
BRDA:887,54,1,0
BRDA:887,55,0,0
BRDA:887,55,1,0
BRDA:889,56,0,0
BRDA:889,56,1,0
BRDA:906,57,0,0
BRDA:906,57,1,0
BRDA:929,58,0,0
BRDA:929,58,1,0
BRDA:929,59,0,0
BRDA:929,59,1,0
BRDA:931,60,0,0
BRDA:931,60,1,0
BRDA:948,61,0,0
BRDA:948,61,1,0
BRDA:968,62,0,0
BRDA:968,62,1,6
BRDA:970,63,0,6
BRDA:970,63,1,0
BRDA:990,64,0,1
BRDA:990,64,1,5
BRDA:998,65,0,0
BRDA:998,65,1,1
BRDA:1028,66,0,0
BRDA:1028,66,1,6
BRDA:1028,67,0,0
BRDA:1028,67,1,6
BRDA:1030,68,0,0
BRDA:1030,68,1,6
BRF:124
BRH:41
end_of_record
TN:
SF:src\pages\DashboardPage.tsx
FN:21,(anonymous_10)
FN:26,(anonymous_11)
FN:27,(anonymous_12)
FN:32,(anonymous_13)
FN:62,(anonymous_14)
FN:74,(anonymous_15)
FN:88,(anonymous_16)
FN:211,(anonymous_17)
FN:221,(anonymous_18)
FN:297,(anonymous_19)
FNF:10
FNH:9
FNDA:12,(anonymous_10)
FNDA:8,(anonymous_11)
FNDA:8,(anonymous_12)
FNDA:24,(anonymous_13)
FNDA:18,(anonymous_14)
FNDA:9,(anonymous_15)
FNDA:9,(anonymous_16)
FNDA:9,(anonymous_17)
FNDA:1,(anonymous_18)
FNDA:0,(anonymous_19)
DA:1,1
DA:2,1
DA:3,1
DA:4,1
DA:5,1
DA:6,1
DA:7,1
DA:21,1
DA:22,12
DA:23,12
DA:24,12
DA:26,12
DA:27,8
DA:28,8
DA:29,8
DA:30,8
DA:31,7
DA:33,24
DA:34,24
DA:35,24
DA:36,24
DA:37,18
DA:45,0
DA:47,24
DA:48,24
DA:61,7
DA:62,18
DA:64,7
DA:66,0
DA:68,7
DA:71,8
DA:74,12
DA:75,9
DA:76,9
DA:77,27
DA:78,18
DA:80,9
DA:85,9
DA:88,12
DA:89,9
DA:90,9
DA:97,12
DA:212,9
DA:221,1
DA:298,0
DA:299,0
DA:550,1
LF:47
LH:43
BRDA:36,0,0,18
BRDA:39,1,0,18
BRDA:39,1,1,6
BRDA:39,1,2,0
BRDA:39,1,3,0
BRDA:49,2,0,24
BRDA:49,2,1,0
BRDA:77,3,0,18
BRDA:77,3,1,9
BRDA:193,4,0,8
BRDA:193,4,1,4
BRDA:197,5,0,1
BRDA:197,5,1,3
BRDA:281,6,0,9
BRDA:281,6,1,0
BRF:15
BRH:11
end_of_record
TN:
SF:src\pages\DemoPage.tsx
FN:19,(anonymous_1)
FN:77,(anonymous_2)
FN:79,(anonymous_3)
FN:89,(anonymous_4)
FN:100,(anonymous_5)
FN:107,(anonymous_6)
FN:110,(anonymous_7)
FN:113,(anonymous_8)
FN:118,(anonymous_9)
FN:123,(anonymous_10)
FN:127,(anonymous_11)
FN:142,(anonymous_12)
FN:143,(anonymous_13)
FN:145,(anonymous_14)
FN:151,(anonymous_15)
FN:154,(anonymous_16)
FN:164,(anonymous_17)
FN:166,(anonymous_18)
FN:171,(anonymous_19)
FN:179,(anonymous_20)
FN:184,(anonymous_21)
FN:185,(anonymous_22)
FN:185,(anonymous_23)
FN:187,(anonymous_24)
FN:191,(anonymous_25)
FN:196,(anonymous_26)
FN:198,(anonymous_27)
FN:203,(anonymous_28)
FN:205,(anonymous_29)
FN:208,(anonymous_30)
FN:215,(anonymous_31)
FN:227,(anonymous_32)
FN:235,(anonymous_33)
FN:242,(anonymous_34)
FN:254,(anonymous_35)
FN:260,(anonymous_36)
FN:264,(anonymous_37)
FN:265,(anonymous_38)
FN:272,(anonymous_39)
FN:280,(anonymous_40)
FN:300,(anonymous_41)
FN:301,(anonymous_42)
FN:316,(anonymous_43)
FN:379,(anonymous_44)
FN:399,(anonymous_45)
FN:409,(anonymous_46)
FN:426,(anonymous_47)
FN:429,(anonymous_48)
FN:450,(anonymous_49)
FN:467,(anonymous_50)
FN:470,(anonymous_51)
FN:481,(anonymous_52)
FN:486,(anonymous_53)
FN:495,(anonymous_54)
FN:504,(anonymous_55)
FN:517,(anonymous_56)
FN:523,(anonymous_57)
FN:532,(anonymous_58)
FN:542,(anonymous_59)
FN:582,(anonymous_60)
FN:587,(anonymous_61)
FN:599,(anonymous_62)
FN:613,(anonymous_63)
FN:654,(anonymous_64)
FN:662,(anonymous_65)
FN:668,(anonymous_66)
FNF:66
FNH:22
FNDA:27,(anonymous_1)
FNDA:3,(anonymous_2)
FNDA:36,(anonymous_3)
FNDA:3,(anonymous_4)
FNDA:15,(anonymous_5)
FNDA:0,(anonymous_6)
FNDA:649,(anonymous_7)
FNDA:0,(anonymous_8)
FNDA:0,(anonymous_9)
FNDA:0,(anonymous_10)
FNDA:1,(anonymous_11)
FNDA:1,(anonymous_12)
FNDA:0,(anonymous_13)
FNDA:0,(anonymous_14)
FNDA:0,(anonymous_15)
FNDA:0,(anonymous_16)
FNDA:1,(anonymous_17)
FNDA:0,(anonymous_18)
FNDA:0,(anonymous_19)
FNDA:0,(anonymous_20)
FNDA:0,(anonymous_21)
FNDA:0,(anonymous_22)
FNDA:0,(anonymous_23)
FNDA:0,(anonymous_24)
FNDA:648,(anonymous_25)
FNDA:12,(anonymous_26)
FNDA:10,(anonymous_27)
FNDA:0,(anonymous_28)
FNDA:0,(anonymous_29)
FNDA:0,(anonymous_30)
FNDA:0,(anonymous_31)
FNDA:0,(anonymous_32)
FNDA:0,(anonymous_33)
FNDA:0,(anonymous_34)
FNDA:0,(anonymous_35)
FNDA:0,(anonymous_36)
FNDA:0,(anonymous_37)
FNDA:0,(anonymous_38)
FNDA:0,(anonymous_39)
FNDA:0,(anonymous_40)
FNDA:3,(anonymous_41)
FNDA:3,(anonymous_42)
FNDA:0,(anonymous_43)
FNDA:0,(anonymous_44)
FNDA:0,(anonymous_45)
FNDA:810,(anonymous_46)
FNDA:0,(anonymous_47)
FNDA:216,(anonymous_48)
FNDA:0,(anonymous_49)
FNDA:0,(anonymous_50)
FNDA:54,(anonymous_51)
FNDA:189,(anonymous_52)
FNDA:1,(anonymous_53)
FNDA:189,(anonymous_54)
FNDA:0,(anonymous_55)
FNDA:0,(anonymous_56)
FNDA:0,(anonymous_57)
FNDA:0,(anonymous_58)
FNDA:0,(anonymous_59)
FNDA:189,(anonymous_60)
FNDA:0,(anonymous_61)
FNDA:189,(anonymous_62)
FNDA:0,(anonymous_63)
FNDA:0,(anonymous_64)
FNDA:0,(anonymous_65)
FNDA:0,(anonymous_66)
DA:2,1
DA:3,1
DA:4,1
DA:5,1
DA:6,1
DA:7,1
DA:19,1
DA:20,27
DA:21,27
DA:22,27
DA:23,27
DA:24,27
DA:25,27
DA:26,27
DA:27,27
DA:28,27
DA:29,27
DA:30,27
DA:31,27
DA:32,27
DA:33,27
DA:34,27
DA:35,27
DA:36,27
DA:39,27
DA:41,27
DA:77,27
DA:78,3
DA:79,3
DA:80,36
DA:81,36
DA:82,36
DA:84,0
DA:87,3
DA:88,3
DA:89,3
DA:90,3
DA:91,3
DA:92,3
DA:94,3
DA:95,0
DA:96,0
DA:100,27
DA:101,15
DA:102,8
DA:104,7
DA:107,27
DA:108,0
DA:110,27
DA:111,649
DA:113,27
DA:114,0
DA:115,0
DA:116,0
DA:117,0
DA:118,0
DA:119,0
DA:120,0
DA:122,0
DA:123,0
DA:124,0
DA:127,27
DA:128,1
DA:129,1
DA:130,1
DA:131,1
DA:134,1
DA:135,1
DA:136,1
DA:138,0
DA:142,1
DA:143,1
DA:144,1
DA:145,0
DA:147,1
DA:151,27
DA:152,0
DA:153,0
DA:154,0
DA:155,0
DA:156,0
DA:158,0
DA:160,0
DA:164,27
DA:165,1
DA:166,0
DA:167,0
DA:168,0
DA:170,0
DA:171,0
DA:172,0
DA:173,0
DA:174,0
DA:176,0
DA:178,0
DA:179,0
DA:181,0
DA:184,27
DA:185,0
DA:187,27
DA:188,0
DA:189,0
DA:191,27
DA:192,648
DA:193,648
DA:194,648
DA:196,27
DA:197,12
DA:198,10
DA:200,2
DA:203,27
DA:204,0
DA:205,0
DA:208,27
DA:209,0
DA:210,0
DA:211,0
DA:213,0
DA:214,0
DA:215,0
DA:216,0
DA:217,0
DA:218,0
DA:221,0
DA:222,0
DA:223,0
DA:224,0
DA:225,0
DA:227,27
DA:228,0
DA:229,0
DA:230,0
DA:231,0
DA:233,0
DA:235,27
DA:236,0
DA:237,0
DA:239,0
DA:242,27
DA:243,0
DA:255,0
DA:256,0
DA:260,27
DA:261,0
DA:262,0
DA:264,27
DA:265,0
DA:266,0
DA:267,0
DA:269,0
DA:273,0
DA:281,0
DA:282,0
DA:283,0
DA:284,0
DA:285,0
DA:286,0
DA:287,0
DA:288,0
DA:300,27
DA:301,3
DA:302,3
DA:303,0
DA:307,27
DA:316,0
DA:379,0
DA:399,0
DA:410,810
DA:426,0
DA:430,216
DA:450,0
DA:467,0
DA:471,54
DA:482,189
DA:483,189
DA:486,1
DA:496,189
DA:497,135
DA:498,135
DA:499,135
DA:500,135
DA:501,135
DA:504,0
DA:518,0
DA:519,0
DA:520,0
DA:523,0
DA:533,0
DA:534,0
DA:535,0
DA:536,0
DA:537,0
DA:538,0
DA:539,0
DA:542,0
DA:583,189
DA:584,189
DA:587,0
DA:600,189
DA:601,189
DA:602,54
DA:604,135
DA:605,135
DA:606,135
DA:607,135
DA:608,135
DA:609,135
DA:610,135
DA:613,0
DA:655,0
DA:662,0
DA:668,0
DA:707,1
LF:213
LH:108
BRDA:90,0,0,3
BRDA:94,1,0,0
BRDA:101,2,0,8
BRDA:101,2,1,7
BRDA:101,3,0,15
BRDA:101,3,1,13
BRDA:102,4,0,8
BRDA:102,4,1,0
BRDA:134,5,0,1
BRDA:144,6,0,0
BRDA:144,6,1,1
BRDA:152,7,0,0
BRDA:165,8,0,0
BRDA:170,9,0,0
BRDA:170,9,1,0
BRDA:197,10,0,10
BRDA:197,10,1,2
BRDA:204,11,0,0
BRDA:209,12,0,0
BRDA:216,13,0,0
BRDA:229,14,0,0
BRDA:236,15,0,0
BRDA:236,15,1,0
BRDA:255,16,0,0
BRDA:275,17,0,0
BRDA:275,17,1,0
BRDA:281,18,0,0
BRDA:284,19,0,0
BRDA:291,20,0,0
BRDA:291,20,1,0
BRDA:302,21,0,0
BRDA:312,22,0,27
BRDA:312,22,1,23
BRDA:333,23,0,3
BRDA:333,23,1,20
BRDA:342,24,0,4
BRDA:342,24,1,19
BRDA:343,25,0,23
BRDA:343,25,1,19
BRDA:362,26,0,0
BRDA:362,26,1,27
BRDA:364,27,0,0
BRDA:364,27,1,27
BRDA:383,28,0,4
BRDA:383,28,1,23
BRDA:458,29,0,4
BRDA:458,29,1,23
BRDA:487,30,0,0
BRDA:487,30,1,189
BRDA:487,31,0,27
BRDA:487,31,1,162
BRDA:489,32,0,0
BRDA:489,32,1,189
BRDA:496,33,0,54
BRDA:505,34,0,0
BRDA:505,34,1,135
BRDA:515,35,0,27
BRDA:515,35,1,0
BRDA:524,36,0,0
BRDA:524,36,1,0
BRDA:524,37,0,0
BRDA:524,37,1,0
BRDA:526,38,0,0
BRDA:526,38,1,0
BRDA:533,39,0,0
BRDA:543,40,0,0
BRDA:543,40,1,0
BRDA:557,41,0,4
BRDA:557,41,1,23
BRDA:562,42,0,0
BRDA:562,42,1,27
BRDA:564,43,0,27
BRDA:564,43,1,0
BRDA:577,44,0,27
BRDA:577,44,1,0
BRDA:588,45,0,0
BRDA:588,45,1,189
BRDA:588,46,0,27
BRDA:588,46,1,162
BRDA:590,47,0,0
BRDA:590,47,1,189
BRDA:601,48,0,54
BRDA:614,49,0,0
BRDA:614,49,1,135
BRDA:627,50,0,4
BRDA:627,50,1,23
BRDA:632,51,0,0
BRDA:632,51,1,27
BRDA:634,52,0,27
BRDA:634,52,1,0
BRDA:646,53,0,4
BRDA:646,53,1,23
BRDA:652,54,0,0
BRDA:652,54,1,27
BRF:94
BRH:49
end_of_record
TN:
SF:src\pages\DiscoverPage.tsx
FN:22,(anonymous_10)
FN:29,(anonymous_11)
FN:30,(anonymous_12)
FN:35,(anonymous_13)
FN:70,(anonymous_14)
FN:72,(anonymous_15)
FN:75,(anonymous_16)
FN:78,(anonymous_17)
FN:81,(anonymous_18)
FN:85,(anonymous_19)
FN:91,(anonymous_20)
FN:96,(anonymous_21)
FN:105,(anonymous_22)
FN:118,(anonymous_23)
FN:128,(anonymous_24)
FN:150,(anonymous_25)
FN:154,(anonymous_26)
FN:166,(anonymous_27)
FNF:18
FNH:15
FNDA:15,(anonymous_10)
FNDA:7,(anonymous_11)
FNDA:7,(anonymous_12)
FNDA:15,(anonymous_13)
FNDA:13,(anonymous_14)
FNDA:0,(anonymous_15)
FNDA:13,(anonymous_16)
FNDA:7,(anonymous_17)
FNDA:8,(anonymous_18)
FNDA:7,(anonymous_19)
FNDA:1,(anonymous_20)
FNDA:21,(anonymous_21)
FNDA:21,(anonymous_22)
FNDA:0,(anonymous_23)
FNDA:1,(anonymous_24)
FNDA:21,(anonymous_25)
FNDA:1,(anonymous_26)
FNDA:0,(anonymous_27)
DA:1,1
DA:2,1
DA:3,1
DA:4,1
DA:5,1
DA:6,1
DA:7,1
DA:22,1
DA:23,15
DA:24,15
DA:25,15
DA:26,15
DA:27,15
DA:29,15
DA:30,7
DA:31,7
DA:32,7
DA:33,7
DA:34,6
DA:36,15
DA:37,15
DA:38,15
DA:39,15
DA:40,15
DA:46,0
DA:48,15
DA:60,6
DA:62,0
DA:64,6
DA:67,7
DA:70,15
DA:71,13
DA:72,13
DA:73,0
DA:75,13
DA:78,15
DA:79,7
DA:81,5
DA:82,8
DA:85,7
DA:87,0
DA:91,15
DA:92,1
DA:93,1
DA:96,15
DA:97,21
DA:98,21
DA:105,15
DA:106,21
DA:109,15
DA:118,0
DA:128,1
DA:151,21
DA:154,1
DA:167,0
DA:168,0
DA:215,1
LF:57
LH:50
BRDA:39,0,0,15
BRDA:40,1,0,15
BRDA:40,1,1,5
BRDA:40,1,2,0
BRDA:40,1,3,0
BRDA:49,2,0,15
BRDA:49,2,1,0
BRDA:79,3,0,5
BRDA:79,3,1,2
BRDA:79,3,2,0
BRDA:120,4,0,12
BRDA:120,4,1,3
BRDA:130,5,0,3
BRDA:130,5,1,12
BRDA:138,6,0,7
BRDA:138,6,1,8
BRDA:142,7,0,1
BRDA:142,7,1,7
BRDA:153,8,0,0
BRDA:153,8,1,21
BRF:20
BRH:15
end_of_record
TN:
SF:src\pages\EditProfilePage.tsx
FN:9,(anonymous_0)
FN:25,(anonymous_1)
FN:27,(anonymous_2)
FN:32,(anonymous_3)
FNF:4
FNH:4
FNDA:14,(anonymous_0)
FNDA:3,(anonymous_1)
FNDA:3,(anonymous_2)
FNDA:4,(anonymous_3)
DA:3,1
DA:4,1
DA:5,1
DA:6,1
DA:7,1
DA:9,1
DA:10,14
DA:11,14
DA:12,14
DA:13,14
DA:25,14
DA:26,3
DA:27,3
DA:32,14
DA:33,4
DA:34,4
DA:35,1
DA:37,3
DA:38,3
DA:39,3
DA:51,2
DA:52,2
DA:54,2
DA:56,1
DA:58,3
DA:61,14
DA:447,1
LF:27
LH:27
BRDA:14,0,0,14
BRDA:14,0,1,1
BRDA:14,0,2,1
BRDA:16,1,0,14
BRDA:16,1,1,1
BRDA:18,2,0,14
BRDA:18,2,1,1
BRDA:19,3,0,14
BRDA:19,3,1,1
BRDA:20,4,0,14
BRDA:20,4,1,1
BRDA:21,5,0,14
BRDA:21,5,1,1
BRDA:22,6,0,14
BRDA:22,6,1,1
BRDA:23,7,0,14
BRDA:23,7,1,1
BRDA:34,8,0,1
BRDA:51,9,0,2
BRDA:435,10,0,3
BRDA:435,10,1,11
BRDA:436,11,0,3
BRDA:436,11,1,11
BRDA:439,12,0,3
BRDA:439,12,1,11
BRF:25
BRH:25
end_of_record
TN:
SF:src\pages\HomePage.tsx
FN:10,(anonymous_1)
FNF:1
FNH:1
FNDA:3,(anonymous_1)
DA:1,1
DA:2,1
DA:3,1
DA:4,1
DA:5,1
DA:6,1
DA:7,1
DA:8,1
DA:10,1
DA:11,3
DA:29,1
LF:11
LH:11
BRF:0
BRH:0
end_of_record
TN:
SF:src\pages\Landing.tsx
FN:9,(anonymous_1)
FNF:1
FNH:1
FNDA:3,(anonymous_1)
DA:1,1
DA:2,1
DA:3,1
DA:4,1
DA:5,1
DA:6,1
DA:7,1
DA:8,1
DA:9,1
DA:10,3
DA:23,1
LF:11
LH:11
BRF:0
BRH:0
end_of_record
TN:
SF:src\pages\LibraryPage.tsx
FN:34,(anonymous_10)
FN:43,(anonymous_11)
FN:44,(anonymous_12)
FN:67,(anonymous_13)
FN:85,(anonymous_14)
FN:92,(anonymous_15)
FN:103,(anonymous_16)
FN:107,(anonymous_17)
FN:107,(anonymous_18)
FN:125,(anonymous_19)
FN:175,(anonymous_20)
FN:183,(anonymous_21)
FN:190,(anonymous_22)
FN:215,(anonymous_23)
FNF:14
FNH:13
FNDA:15,(anonymous_10)
FNDA:8,(anonymous_11)
FNDA:8,(anonymous_12)
FNDA:8,(anonymous_13)
FNDA:8,(anonymous_14)
FNDA:1,(anonymous_15)
FNDA:1,(anonymous_16)
FNDA:1,(anonymous_17)
FNDA:2,(anonymous_18)
FNDA:7,(anonymous_19)
FNDA:7,(anonymous_20)
FNDA:1,(anonymous_21)
FNDA:0,(anonymous_22)
FNDA:1,(anonymous_23)
DA:1,1
DA:2,1
DA:3,1
DA:4,1
DA:5,1
DA:6,1
DA:7,1
DA:34,1
DA:35,15
DA:36,15
DA:37,15
DA:38,15
DA:39,15
DA:40,15
DA:41,15
DA:43,15
DA:44,8
DA:45,8
DA:46,1
DA:47,1
DA:48,1
DA:50,7
DA:51,7
DA:52,7
DA:53,7
DA:54,5
DA:55,5
DA:56,5
DA:58,1
DA:59,1
DA:61,6
DA:64,8
DA:67,15
DA:68,8
DA:69,8
DA:84,8
DA:85,8
DA:86,8
DA:87,8
DA:92,15
DA:93,1
DA:104,1
DA:105,1
DA:106,1
DA:107,2
DA:108,1
DA:114,0
DA:115,0
DA:125,15
DA:126,7
DA:127,7
DA:134,15
DA:176,7
DA:183,1
DA:191,0
DA:192,0
DA:216,1
DA:217,1
DA:236,1
LF:59
LH:55
BRDA:45,0,0,1
BRDA:86,1,0,8
BRDA:104,2,0,1
BRDA:149,3,0,8
BRDA:149,3,1,7
BRDA:153,4,0,1
BRDA:153,4,1,6
BRDA:157,5,0,2
BRDA:157,5,1,4
BRF:9
BRH:9
end_of_record
TN:
SF:src\pages\LoginPage.tsx
FN:7,(anonymous_0)
FN:15,(anonymous_1)
FN:27,(anonymous_2)
FN:97,(anonymous_3)
FN:137,(anonymous_4)
FN:171,(anonymous_5)
FN:203,(anonymous_6)
FN:236,(anonymous_7)
FNF:8
FNH:6
FNDA:22,(anonymous_0)
FNDA:2,(anonymous_1)
FNDA:2,(anonymous_2)
FNDA:0,(anonymous_3)
FNDA:1,(anonymous_4)
FNDA:3,(anonymous_5)
FNDA:3,(anonymous_6)
FNDA:0,(anonymous_7)
DA:3,1
DA:4,1
DA:5,1
DA:6,1
DA:7,1
DA:8,22
DA:9,22
DA:10,22
DA:11,22
DA:12,22
DA:13,22
DA:14,22
DA:15,22
DA:16,2
DA:17,2
DA:18,2
DA:19,2
DA:20,2
DA:22,0
DA:24,2
DA:27,22
DA:28,2
DA:29,2
DA:30,2
DA:31,2
DA:33,0
DA:35,2
DA:38,22
DA:97,0
DA:137,1
DA:171,3
DA:203,3
DA:236,0
DA:319,1
LF:34
LH:30
BRDA:103,0,0,22
BRDA:103,0,1,0
BRDA:104,1,0,22
BRDA:104,1,1,0
BRDA:124,2,0,22
BRDA:124,2,1,2
BRDA:264,3,0,4
BRDA:264,3,1,18
BRDA:265,4,0,4
BRDA:265,4,1,18
BRDA:269,5,0,4
BRDA:269,5,1,18
BRDA:301,6,0,4
BRDA:301,6,1,18
BRDA:302,7,0,4
BRDA:302,7,1,18
BRF:16
BRH:14
end_of_record
TN:
SF:src\pages\ProfilePage.tsx
FN:12,(anonymous_10)
FN:19,(anonymous_11)
FN:20,(anonymous_12)
FN:24,(anonymous_13)
FN:45,(anonymous_14)
FN:75,(anonymous_15)
FN:120,(anonymous_16)
FN:207,(anonymous_17)
FN:420,(anonymous_18)
FN:431,(anonymous_19)
FN:432,(anonymous_20)
FN:435,(anonymous_21)
FNF:12
FNH:8
FNDA:25,(anonymous_10)
FNDA:12,(anonymous_11)
FNDA:12,(anonymous_12)
FNDA:19,(anonymous_13)
FNDA:3,(anonymous_14)
FNDA:2,(anonymous_15)
FNDA:19,(anonymous_16)
FNDA:0,(anonymous_17)
FNDA:19,(anonymous_18)
FNDA:0,(anonymous_19)
FNDA:0,(anonymous_20)
FNDA:0,(anonymous_21)
DA:2,1
DA:3,1
DA:4,1
DA:5,1
DA:6,1
DA:7,1
DA:8,1
DA:9,1
DA:12,1
DA:13,25
DA:14,25
DA:15,25
DA:16,25
DA:17,25
DA:19,25
DA:20,12
DA:21,12
DA:22,11
DA:23,11
DA:24,19
DA:25,11
DA:27,0
DA:28,0
DA:36,11
DA:39,1
DA:42,12
DA:45,25
DA:46,3
DA:47,3
DA:59,3
DA:60,2
DA:61,1
DA:64,1
DA:65,1
DA:75,25
DA:76,2
DA:77,2
DA:89,2
DA:90,1
DA:91,0
DA:93,1
DA:94,1
DA:95,1
DA:96,1
DA:97,1
DA:98,1
DA:99,1
DA:108,0
DA:109,0
DA:110,0
DA:120,25
DA:121,19
DA:122,19
DA:123,1
DA:124,1
DA:126,18
DA:133,25
DA:134,13
DA:150,12
DA:151,1
DA:152,1
DA:155,11
DA:208,0
DA:421,19
DA:431,0
DA:433,0
DA:436,0
DA:534,1
LF:68
LH:58
BRDA:21,0,0,11
BRDA:21,0,1,1
BRDA:24,1,0,11
BRDA:24,1,1,0
BRDA:59,2,0,2
BRDA:89,3,0,1
BRDA:90,4,0,0
BRDA:122,5,0,1
BRDA:133,6,0,13
BRDA:150,7,0,1
BRDA:204,8,0,11
BRDA:204,8,1,0
BRDA:204,8,2,0
BRDA:214,9,0,11
BRDA:214,9,1,0
BRDA:214,9,2,0
BRDA:217,10,0,11
BRDA:217,10,1,0
BRDA:217,10,2,0
BRDA:242,11,0,11
BRDA:242,11,1,1
BRDA:301,12,0,11
BRDA:301,12,1,0
BRDA:312,13,0,11
BRDA:312,13,1,0
BRDA:324,14,0,11
BRDA:324,14,1,0
BRDA:329,15,0,11
BRDA:329,15,1,0
BRDA:335,16,0,11
BRDA:335,16,1,0
BRDA:350,17,0,11
BRDA:350,17,1,0
BRDA:360,18,0,11
BRDA:360,18,1,0
BRDA:370,19,0,11
BRDA:370,19,1,0
BRDA:380,20,0,11
BRDA:380,20,1,0
BRDA:414,21,0,10
BRDA:414,21,1,1
BRF:41
BRH:24
end_of_record
TN:
SF:src\pages\RegisterPage.tsx
FN:7,(anonymous_0)
FN:16,(anonymous_1)
FN:32,(anonymous_2)
FN:115,(anonymous_3)
FN:143,(anonymous_4)
FN:177,(anonymous_5)
FN:209,(anonymous_6)
FN:241,(anonymous_7)
FN:265,(anonymous_8)
FNF:9
FNH:7
FNDA:26,(anonymous_0)
FNDA:3,(anonymous_1)
FNDA:2,(anonymous_2)
FNDA:0,(anonymous_3)
FNDA:0,(anonymous_4)
FNDA:3,(anonymous_5)
FNDA:3,(anonymous_6)
FNDA:3,(anonymous_7)
FNDA:2,(anonymous_8)
DA:3,1
DA:4,1
DA:5,1
DA:6,1
DA:7,1
DA:8,26
DA:9,26
DA:10,26
DA:11,26
DA:12,26
DA:13,26
DA:14,26
DA:15,26
DA:16,26
DA:17,3
DA:18,3
DA:19,1
DA:20,1
DA:22,2
DA:23,2
DA:24,2
DA:25,2
DA:27,0
DA:29,2
DA:32,26
DA:33,2
DA:34,2
DA:35,2
DA:36,2
DA:38,0
DA:40,2
DA:43,26
DA:115,0
DA:143,0
DA:177,3
DA:209,3
DA:241,3
DA:265,2
DA:355,1
LF:39
LH:35
BRDA:18,0,0,1
BRDA:121,1,0,26
BRDA:121,1,1,0
BRDA:122,2,0,26
BRDA:122,2,1,0
BRDA:130,3,0,26
BRDA:130,3,1,1
BRDA:300,4,0,4
BRDA:300,4,1,22
BRDA:301,5,0,4
BRDA:301,5,1,22
BRDA:305,6,0,4
BRDA:305,6,1,22
BRDA:337,7,0,4
BRDA:337,7,1,22
BRDA:338,8,0,4
BRDA:338,8,1,22
BRF:17
BRH:15
end_of_record
TN:
SF:src\pages\SongDetailsPage.tsx
FN:15,(anonymous_0)
FN:18,(anonymous_1)
FN:37,(anonymous_2)
FN:38,(anonymous_3)
FN:48,(anonymous_4)
FN:49,(anonymous_5)
FN:55,(anonymous_6)
FN:66,(anonymous_7)
FN:70,(anonymous_8)
FN:93,(anonymous_9)
FN:205,(anonymous_10)
FN:210,(anonymous_11)
FN:211,(anonymous_12)
FN:253,(anonymous_13)
FN:257,(anonymous_14)
FN:258,(anonymous_15)
FN:276,(anonymous_16)
FN:281,(anonymous_17)
FN:289,(anonymous_18)
FN:304,(anonymous_19)
FN:308,(anonymous_20)
FN:323,(anonymous_21)
FN:334,(anonymous_22)
FN:338,(anonymous_23)
FN:349,(anonymous_24)
FN:362,(anonymous_25)
FN:368,(anonymous_26)
FN:375,(anonymous_27)
FN:387,(anonymous_28)
FN:390,(anonymous_29)
FN:392,(anonymous_30)
FN:403,(anonymous_31)
FN:405,(anonymous_32)
FN:416,(anonymous_33)
FN:426,(anonymous_34)
FN:429,(anonymous_35)
FN:440,(anonymous_36)
FN:447,(anonymous_37)
FN:455,(anonymous_38)
FN:460,(anonymous_39)
FN:464,(anonymous_40)
FN:470,(anonymous_41)
FN:481,(anonymous_42)
FN:509,(anonymous_43)
FN:519,(anonymous_44)
FN:520,(anonymous_45)
FN:535,(anonymous_46)
FN:543,(anonymous_47)
FN:566,(anonymous_48)
FN:590,(anonymous_49)
FN:600,(anonymous_50)
FN:601,(anonymous_51)
FN:633,(anonymous_52)
FN:638,(anonymous_53)
FN:650,(anonymous_54)
FN:654,(anonymous_55)
FN:661,(anonymous_56)
FN:668,(anonymous_57)
FN:676,(anonymous_58)
FN:678,(anonymous_59)
FN:687,(anonymous_60)
FN:701,(anonymous_61)
FN:725,(anonymous_62)
FN:731,(anonymous_63)
FN:741,(anonymous_64)
FN:752,(anonymous_65)
FN:762,(anonymous_66)
FN:769,(anonymous_67)
FN:777,(anonymous_68)
FN:785,(anonymous_69)
FN:810,(anonymous_70)
FN:828,(anonymous_71)
FN:847,(anonymous_72)
FN:848,(anonymous_73)
FN:863,(anonymous_74)
FN:878,(anonymous_75)
FN:882,(anonymous_76)
FN:890,(anonymous_77)
FN:898,(anonymous_78)
FN:906,(anonymous_79)
FN:912,(anonymous_80)
FN:937,(anonymous_81)
FN:955,(anonymous_82)
FN:968,(anonymous_83)
FN:985,(anonymous_84)
FN:999,(anonymous_85)
FN:1006,(anonymous_86)
FN:1011,(anonymous_87)
FN:1016,(anonymous_88)
FN:1071,(anonymous_89)
FN:1084,(anonymous_90)
FN:1084,(anonymous_91)
FN:1094,(anonymous_92)
FN:1094,(anonymous_93)
FN:1120,(anonymous_94)
FN:1159,(anonymous_95)
FN:1167,(anonymous_96)
FN:1201,(anonymous_97)
FN:1213,(anonymous_98)
FN:1216,(anonymous_99)
FN:1225,(anonymous_100)
FN:1236,(anonymous_101)
FNF:102
FNH:0
FNDA:0,(anonymous_0)
FNDA:0,(anonymous_1)
FNDA:0,(anonymous_2)
FNDA:0,(anonymous_3)
FNDA:0,(anonymous_4)
FNDA:0,(anonymous_5)
FNDA:0,(anonymous_6)
FNDA:0,(anonymous_7)
FNDA:0,(anonymous_8)
FNDA:0,(anonymous_9)
FNDA:0,(anonymous_10)
FNDA:0,(anonymous_11)
FNDA:0,(anonymous_12)
FNDA:0,(anonymous_13)
FNDA:0,(anonymous_14)
FNDA:0,(anonymous_15)
FNDA:0,(anonymous_16)
FNDA:0,(anonymous_17)
FNDA:0,(anonymous_18)
FNDA:0,(anonymous_19)
FNDA:0,(anonymous_20)
FNDA:0,(anonymous_21)
FNDA:0,(anonymous_22)
FNDA:0,(anonymous_23)
FNDA:0,(anonymous_24)
FNDA:0,(anonymous_25)
FNDA:0,(anonymous_26)
FNDA:0,(anonymous_27)
FNDA:0,(anonymous_28)
FNDA:0,(anonymous_29)
FNDA:0,(anonymous_30)
FNDA:0,(anonymous_31)
FNDA:0,(anonymous_32)
FNDA:0,(anonymous_33)
FNDA:0,(anonymous_34)
FNDA:0,(anonymous_35)
FNDA:0,(anonymous_36)
FNDA:0,(anonymous_37)
FNDA:0,(anonymous_38)
FNDA:0,(anonymous_39)
FNDA:0,(anonymous_40)
FNDA:0,(anonymous_41)
FNDA:0,(anonymous_42)
FNDA:0,(anonymous_43)
FNDA:0,(anonymous_44)
FNDA:0,(anonymous_45)
FNDA:0,(anonymous_46)
FNDA:0,(anonymous_47)
FNDA:0,(anonymous_48)
FNDA:0,(anonymous_49)
FNDA:0,(anonymous_50)
FNDA:0,(anonymous_51)
FNDA:0,(anonymous_52)
FNDA:0,(anonymous_53)
FNDA:0,(anonymous_54)
FNDA:0,(anonymous_55)
FNDA:0,(anonymous_56)
FNDA:0,(anonymous_57)
FNDA:0,(anonymous_58)
FNDA:0,(anonymous_59)
FNDA:0,(anonymous_60)
FNDA:0,(anonymous_61)
FNDA:0,(anonymous_62)
FNDA:0,(anonymous_63)
FNDA:0,(anonymous_64)
FNDA:0,(anonymous_65)
FNDA:0,(anonymous_66)
FNDA:0,(anonymous_67)
FNDA:0,(anonymous_68)
FNDA:0,(anonymous_69)
FNDA:0,(anonymous_70)
FNDA:0,(anonymous_71)
FNDA:0,(anonymous_72)
FNDA:0,(anonymous_73)
FNDA:0,(anonymous_74)
FNDA:0,(anonymous_75)
FNDA:0,(anonymous_76)
FNDA:0,(anonymous_77)
FNDA:0,(anonymous_78)
FNDA:0,(anonymous_79)
FNDA:0,(anonymous_80)
FNDA:0,(anonymous_81)
FNDA:0,(anonymous_82)
FNDA:0,(anonymous_83)
FNDA:0,(anonymous_84)
FNDA:0,(anonymous_85)
FNDA:0,(anonymous_86)
FNDA:0,(anonymous_87)
FNDA:0,(anonymous_88)
FNDA:0,(anonymous_89)
FNDA:0,(anonymous_90)
FNDA:0,(anonymous_91)
FNDA:0,(anonymous_92)
FNDA:0,(anonymous_93)
FNDA:0,(anonymous_94)
FNDA:0,(anonymous_95)
FNDA:0,(anonymous_96)
FNDA:0,(anonymous_97)
FNDA:0,(anonymous_98)
FNDA:0,(anonymous_99)
FNDA:0,(anonymous_100)
FNDA:0,(anonymous_101)
DA:15,0
DA:17,0
DA:18,0
DA:20,0
DA:21,0
DA:22,0
DA:23,0
DA:24,0
DA:25,0
DA:27,0
DA:29,0
DA:31,0
DA:33,0
DA:34,0
DA:35,0
DA:36,0
DA:37,0
DA:38,0
DA:39,0
DA:40,0
DA:41,0
DA:45,0
DA:48,0
DA:49,0
DA:51,0
DA:56,0
DA:70,0
DA:71,0
DA:73,0
DA:75,0
DA:76,0
DA:93,0
DA:94,0
DA:95,0
DA:96,0
DA:97,0
DA:98,0
DA:99,0
DA:100,0
DA:101,0
DA:102,0
DA:103,0
DA:104,0
DA:105,0
DA:106,0
DA:107,0
DA:108,0
DA:109,0
DA:110,0
DA:113,0
DA:114,0
DA:115,0
DA:116,0
DA:117,0
DA:118,0
DA:119,0
DA:122,0
DA:138,0
DA:141,0
DA:144,0
DA:147,0
DA:150,0
DA:153,0
DA:205,0
DA:206,0
DA:209,0
DA:210,0
DA:211,0
DA:212,0
DA:213,0
DA:214,0
DA:219,0
DA:221,0
DA:222,0
DA:225,0
DA:226,0
DA:248,0
DA:251,0
DA:253,0
DA:254,0
DA:257,0
DA:258,0
DA:259,0
DA:260,0
DA:261,0
DA:262,0
DA:263,0
DA:265,0
DA:267,0
DA:268,0
DA:270,0
DA:273,0
DA:276,0
DA:277,0
DA:278,0
DA:281,0
DA:282,0
DA:283,0
DA:284,0
DA:285,0
DA:287,0
DA:289,0
DA:291,0
DA:294,0
DA:297,0
DA:298,0
DA:300,0
DA:304,0
DA:305,0
DA:308,0
DA:309,0
DA:310,0
DA:311,0
DA:312,0
DA:313,0
DA:314,0
DA:315,0
DA:316,0
DA:317,0
DA:319,0
DA:320,0
DA:323,0
DA:324,0
DA:325,0
DA:326,0
DA:327,0
DA:329,0
DA:330,0
DA:331,0
DA:332,0
DA:333,0
DA:334,0
DA:336,0
DA:337,0
DA:338,0
DA:339,0
DA:340,0
DA:342,0
DA:344,0
DA:346,0
DA:348,0
DA:349,0
DA:350,0
DA:351,0
DA:353,0
DA:354,0
DA:355,0
DA:356,0
DA:357,0
DA:362,0
DA:363,0
DA:364,0
DA:368,0
DA:369,0
DA:370,0
DA:371,0
DA:375,0
DA:376,0
DA:377,0
DA:378,0
DA:380,0
DA:381,0
DA:385,0
DA:387,0
DA:390,0
DA:391,0
DA:392,0
DA:393,0
DA:394,0
DA:397,0
DA:398,0
DA:399,0
DA:403,0
DA:404,0
DA:405,0
DA:406,0
DA:407,0
DA:410,0
DA:411,0
DA:412,0
DA:416,0
DA:417,0
DA:418,0
DA:426,0
DA:427,0
DA:429,0
DA:431,0
DA:432,0
DA:435,0
DA:436,0
DA:440,0
DA:441,0
DA:442,0
DA:443,0
DA:447,0
DA:448,0
DA:449,0
DA:450,0
DA:451,0
DA:455,0
DA:456,0
DA:460,0
DA:462,0
DA:463,0
DA:465,0
DA:466,0
DA:467,0
DA:468,0
DA:469,0
DA:470,0
DA:473,0
DA:474,0
DA:475,0
DA:477,0
DA:481,0
DA:482,0
DA:484,0
DA:485,0
DA:487,0
DA:488,0
DA:489,0
DA:492,0
DA:493,0
DA:494,0
DA:498,0
DA:499,0
DA:500,0
DA:501,0
DA:502,0
DA:506,0
DA:507,0
DA:509,0
DA:510,0
DA:511,0
DA:514,0
DA:515,0
DA:519,0
DA:520,0
DA:522,0
DA:523,0
DA:526,0
DA:527,0
DA:528,0
DA:531,0
DA:532,0
DA:535,0
DA:536,0
DA:538,0
DA:543,0
DA:544,0
DA:546,0
DA:547,0
DA:549,0
DA:550,0
DA:551,0
DA:553,0
DA:554,0
DA:555,0
DA:556,0
DA:557,0
DA:559,0
DA:560,0
DA:561,0
DA:566,0
DA:567,0
DA:569,0
DA:570,0
DA:571,0
DA:573,0
DA:575,0
DA:576,0
DA:579,0
DA:580,0
DA:581,0
DA:582,0
DA:583,0
DA:587,0
DA:588,0
DA:590,0
DA:591,0
DA:592,0
DA:595,0
DA:596,0
DA:600,0
DA:601,0
DA:603,0
DA:604,0
DA:607,0
DA:608,0
DA:609,0
DA:612,0
DA:613,0
DA:615,0
DA:617,0
DA:618,0
DA:620,0
DA:621,0
DA:622,0
DA:623,0
DA:624,0
DA:626,0
DA:627,0
DA:628,0
DA:633,0
DA:634,0
DA:635,0
DA:636,0
DA:638,0
DA:639,0
DA:640,0
DA:644,0
DA:645,0
DA:650,0
DA:651,0
DA:652,0
DA:653,0
DA:654,0
DA:655,0
DA:661,0
DA:662,0
DA:663,0
DA:668,0
DA:669,0
DA:670,0
DA:671,0
DA:676,0
DA:678,0
DA:679,0
DA:680,0
DA:681,0
DA:682,0
DA:687,0
DA:688,0
DA:689,0
DA:690,0
DA:691,0
DA:692,0
DA:698,0
DA:699,0
DA:701,0
DA:702,0
DA:704,0
DA:705,0
DA:707,0
DA:709,0
DA:710,0
DA:713,0
DA:714,0
DA:716,0
DA:717,0
DA:720,0
DA:721,0
DA:722,0
DA:725,0
DA:726,0
DA:731,0
DA:732,0
DA:733,0
DA:734,0
DA:735,0
DA:736,0
DA:737,0
DA:738,0
DA:741,0
DA:742,0
DA:743,0
DA:744,0
DA:745,0
DA:747,0
DA:752,0
DA:753,0
DA:754,0
DA:755,0
DA:756,0
DA:757,0
DA:758,0
DA:759,0
DA:762,0
DA:763,0
DA:765,0
DA:769,0
DA:770,0
DA:771,0
DA:772,0
DA:777,0
DA:778,0
DA:779,0
DA:780,0
DA:785,0
DA:786,0
DA:787,0
DA:788,0
DA:791,0
DA:792,0
DA:793,0
DA:794,0
DA:796,0
DA:797,0
DA:798,0
DA:799,0
DA:800,0
DA:801,0
DA:803,0
DA:806,0
DA:810,0
DA:811,0
DA:813,0
DA:814,0
DA:815,0
DA:816,0
DA:817,0
DA:818,0
DA:820,0
DA:823,0
DA:824,0
DA:825,0
DA:828,0
DA:829,0
DA:830,0
DA:832,0
DA:833,0
DA:835,0
DA:837,0
DA:839,0
DA:841,0
DA:842,0
DA:847,0
DA:848,0
DA:849,0
DA:850,0
DA:851,0
DA:852,0
DA:853,0
DA:854,0
DA:858,0
DA:863,0
DA:865,0
DA:866,0
DA:869,0
DA:870,0
DA:871,0
DA:872,0
DA:873,0
DA:874,0
DA:878,0
DA:879,0
DA:881,0
DA:882,0
DA:883,0
DA:884,0
DA:886,0
DA:890,0
DA:891,0
DA:892,0
DA:893,0
DA:898,0
DA:899,0
DA:901,0
DA:906,0
DA:907,0
DA:910,0
DA:911,0
DA:912,0
DA:913,0
DA:938,0
DA:939,0
DA:956,0
DA:969,0
DA:986,0
DA:987,0
DA:999,0
DA:1003,0
DA:1004,0
DA:1006,0
DA:1008,0
DA:1009,0
DA:1010,0
DA:1011,0
DA:1013,0
DA:1016,0
DA:1017,0
DA:1021,0
DA:1072,0
DA:1084,0
DA:1094,0
DA:1120,0
DA:1160,0
DA:1167,0
DA:1202,0
DA:1203,0
DA:1214,0
DA:1216,0
DA:1226,0
DA:1227,0
DA:1236,0
LF:495
LH:0
BRDA:22,0,0,0
BRDA:58,1,0,0
BRDA:58,1,1,0
BRDA:60,2,0,0
BRDA:60,2,1,0
BRDA:71,3,0,0
BRDA:79,4,0,0
BRDA:79,4,1,0
BRDA:82,5,0,0
BRDA:82,5,1,0
BRDA:206,6,0,0
BRDA:213,7,0,0
BRDA:219,8,0,0
BRDA:225,9,0,0
BRDA:259,10,0,0
BRDA:276,11,0,0
BRDA:283,12,0,0
BRDA:283,13,0,0
BRDA:283,13,1,0
BRDA:309,14,0,0
BRDA:309,15,0,0
BRDA:309,15,1,0
BRDA:310,16,0,0
BRDA:310,16,1,0
BRDA:313,17,0,0
BRDA:319,18,0,0
BRDA:319,19,0,0
BRDA:319,19,1,0
BRDA:324,20,0,0
BRDA:330,21,0,0
BRDA:332,22,0,0
BRDA:332,23,0,0
BRDA:332,23,1,0
BRDA:337,24,0,0
BRDA:340,25,0,0
BRDA:340,25,1,0
BRDA:350,26,0,0
BRDA:363,27,0,0
BRDA:363,28,0,0
BRDA:363,28,1,0
BRDA:363,28,2,0
BRDA:363,28,3,0
BRDA:363,28,4,0
BRDA:370,29,0,0
BRDA:370,30,0,0
BRDA:370,30,1,0
BRDA:370,30,2,0
BRDA:376,31,0,0
BRDA:376,31,1,0
BRDA:376,32,0,0
BRDA:376,32,1,0
BRDA:380,33,0,0
BRDA:380,34,0,0
BRDA:380,34,1,0
BRDA:391,35,0,0
BRDA:394,36,0,0
BRDA:394,36,1,0
BRDA:397,37,0,0
BRDA:397,38,0,0
BRDA:397,38,1,0
BRDA:404,39,0,0
BRDA:407,40,0,0
BRDA:407,40,1,0
BRDA:410,41,0,0
BRDA:410,42,0,0
BRDA:410,42,1,0
BRDA:411,43,0,0
BRDA:411,43,1,0
BRDA:466,44,0,0
BRDA:473,45,0,0
BRDA:475,46,0,0
BRDA:482,47,0,0
BRDA:482,48,0,0
BRDA:482,48,1,0
BRDA:487,49,0,0
BRDA:492,50,0,0
BRDA:498,51,0,0
BRDA:514,52,0,0
BRDA:522,53,0,0
BRDA:544,54,0,0
BRDA:549,55,0,0
BRDA:553,56,0,0
BRDA:567,57,0,0
BRDA:567,58,0,0
BRDA:567,58,1,0
BRDA:575,59,0,0
BRDA:575,59,1,0
BRDA:575,60,0,0
BRDA:575,60,1,0
BRDA:579,61,0,0
BRDA:595,62,0,0
BRDA:603,63,0,0
BRDA:617,64,0,0
BRDA:617,65,0,0
BRDA:617,65,1,0
BRDA:617,65,2,0
BRDA:620,66,0,0
BRDA:634,67,0,0
BRDA:634,67,1,0
BRDA:651,68,0,0
BRDA:651,69,0,0
BRDA:651,69,1,0
BRDA:651,69,2,0
BRDA:662,70,0,0
BRDA:662,71,0,0
BRDA:662,71,1,0
BRDA:662,71,2,0
BRDA:669,72,0,0
BRDA:669,73,0,0
BRDA:669,73,1,0
BRDA:669,73,2,0
BRDA:669,73,3,0
BRDA:669,73,4,0
BRDA:681,74,0,0
BRDA:688,75,0,0
BRDA:691,76,0,0
BRDA:709,77,0,0
BRDA:716,78,0,0
BRDA:720,79,0,0
BRDA:732,80,0,0
BRDA:732,81,0,0
BRDA:732,81,1,0
BRDA:736,82,0,0
BRDA:757,83,0,0
BRDA:770,84,0,0
BRDA:770,85,0,0
BRDA:770,85,1,0
BRDA:778,86,0,0
BRDA:786,87,0,0
BRDA:796,88,0,0
BRDA:798,89,0,0
BRDA:798,89,1,0
BRDA:811,90,0,0
BRDA:817,91,0,0
BRDA:823,92,0,0
BRDA:823,93,0,0
BRDA:823,93,1,0
BRDA:829,94,0,0
BRDA:829,94,1,0
BRDA:832,95,0,0
BRDA:841,96,0,0
BRDA:849,97,0,0
BRDA:849,97,1,0
BRDA:853,98,0,0
BRDA:865,99,0,0
BRDA:865,100,0,0
BRDA:865,100,1,0
BRDA:879,101,0,0
BRDA:891,102,0,0
BRDA:891,103,0,0
BRDA:891,103,1,0
BRDA:891,103,2,0
BRDA:899,104,0,0
BRDA:899,105,0,0
BRDA:899,105,1,0
BRDA:899,105,2,0
BRDA:918,106,0,0
BRDA:918,106,1,0
BRDA:922,107,0,0
BRDA:922,107,1,0
BRDA:924,108,0,0
BRDA:924,108,1,0
BRDA:925,109,0,0
BRDA:925,109,1,0
BRDA:926,110,0,0
BRDA:926,110,1,0
BRDA:927,111,0,0
BRDA:927,111,1,0
BRDA:928,112,0,0
BRDA:928,112,1,0
BRDA:931,113,0,0
BRDA:931,113,1,0
BRDA:945,114,0,0
BRDA:945,114,1,0
BRDA:953,115,0,0
BRDA:953,115,1,0
BRDA:953,115,2,0
BRDA:953,115,3,0
BRDA:965,116,0,0
BRDA:965,116,1,0
BRDA:971,117,0,0
BRDA:971,117,1,0
BRDA:1008,118,0,0
BRDA:1008,119,0,0
BRDA:1008,119,1,0
BRDA:1017,120,0,0
BRDA:1032,121,0,0
BRDA:1032,121,1,0
BRDA:1036,122,0,0
BRDA:1036,122,1,0
BRDA:1040,123,0,0
BRDA:1040,123,1,0
BRDA:1069,124,0,0
BRDA:1069,124,1,0
BRDA:1075,125,0,0
BRDA:1075,125,1,0
BRDA:1086,126,0,0
BRDA:1086,126,1,0
BRDA:1091,127,0,0
BRDA:1091,127,1,0
BRDA:1096,128,0,0
BRDA:1096,128,1,0
BRDA:1101,129,0,0
BRDA:1101,129,1,0
BRDA:1111,130,0,0
BRDA:1111,130,1,0
BRDA:1114,131,0,0
BRDA:1114,131,1,0
BRDA:1117,132,0,0
BRDA:1117,132,1,0
BRDA:1117,133,0,0
BRDA:1117,133,1,0
BRDA:1138,134,0,0
BRDA:1138,134,1,0
BRDA:1143,135,0,0
BRDA:1143,135,1,0
BRDA:1163,136,0,0
BRDA:1163,136,1,0
BRDA:1171,137,0,0
BRDA:1171,137,1,0
BRDA:1175,138,0,0
BRDA:1175,138,1,0
BRDA:1188,139,0,0
BRDA:1188,139,1,0
BRDA:1194,140,0,0
BRDA:1194,140,1,0
BRF:226
BRH:0
end_of_record
TN:
SF:src\services\aiChordService.ts
FN:179,(anonymous_0)
FN:181,(anonymous_1)
FN:188,(anonymous_2)
FN:202,(anonymous_3)
FN:230,(anonymous_4)
FN:246,(anonymous_5)
FN:271,(anonymous_6)
FN:284,(anonymous_7)
FN:304,(anonymous_8)
FN:305,(anonymous_9)
FN:307,(anonymous_10)
FN:313,(anonymous_11)
FN:314,(anonymous_12)
FN:325,(anonymous_13)
FNF:14
FNH:2
FNDA:2,(anonymous_0)
FNDA:2,(anonymous_1)
FNDA:0,(anonymous_2)
FNDA:0,(anonymous_3)
FNDA:0,(anonymous_4)
FNDA:0,(anonymous_5)
FNDA:0,(anonymous_6)
FNDA:0,(anonymous_7)
FNDA:0,(anonymous_8)
FNDA:0,(anonymous_9)
FNDA:0,(anonymous_10)
FNDA:0,(anonymous_11)
FNDA:0,(anonymous_12)
FNDA:0,(anonymous_13)
DA:18,2
DA:177,2
DA:182,2
DA:183,2
DA:185,2
DA:189,0
DA:190,0
DA:191,0
DA:192,0
DA:194,0
DA:196,0
DA:197,0
DA:203,0
DA:205,0
DA:207,0
DA:208,0
DA:210,0
DA:211,0
DA:215,0
DA:216,0
DA:218,0
DA:219,0
DA:226,0
DA:230,0
DA:232,0
DA:234,0
DA:241,0
DA:242,0
DA:247,0
DA:249,0
DA:272,0
DA:274,0
DA:276,0
DA:278,0
DA:280,0
DA:285,0
DA:286,0
DA:304,0
DA:305,0
DA:306,0
DA:307,0
DA:308,0
DA:309,0
DA:310,0
DA:314,0
DA:315,0
DA:316,0
DA:317,0
DA:318,0
DA:319,0
DA:321,0
DA:326,0
DA:330,2
LF:53
LH:6
BRDA:182,0,0,2
BRDA:189,1,0,0
BRDA:191,2,0,0
BRDA:210,3,0,0
BRDA:226,4,0,0
BRDA:227,5,0,0
BRDA:227,5,1,0
BRDA:227,5,2,0
BRDA:227,5,3,0
BRDA:235,6,0,0
BRDA:235,6,1,0
BRDA:236,7,0,0
BRDA:236,7,1,0
BRDA:237,8,0,0
BRDA:237,8,1,0
BRDA:253,9,0,0
BRDA:253,9,1,0
BRDA:272,10,0,0
BRDA:272,10,1,0
BRDA:272,10,2,0
BRDA:272,10,3,0
BRDA:285,11,0,0
BRDA:308,12,0,0
BRDA:308,13,0,0
BRDA:308,13,1,0
BRDA:309,14,0,0
BRDA:309,15,0,0
BRDA:309,15,1,0
BRDA:317,16,0,0
BRDA:319,17,0,0
BRDA:319,17,1,0
BRF:31
BRH:1
end_of_record
TN:
SF:src\services\pianoService.ts
FN:8,(anonymous_9)
FN:12,(anonymous_10)
FN:54,(anonymous_11)
FN:72,(anonymous_12)
FN:83,(anonymous_13)
FN:85,(anonymous_14)
FN:89,(anonymous_15)
FN:90,(anonymous_16)
FN:99,(anonymous_17)
FN:105,(anonymous_18)
FN:121,(anonymous_19)
FN:125,(anonymous_20)
FN:129,(anonymous_21)
FN:135,(anonymous_22)
FN:141,(anonymous_23)
FN:147,(anonymous_24)
FN:149,(anonymous_25)
FN:155,(anonymous_26)
FN:161,(anonymous_27)
FNF:19
FNH:12
FNDA:2,(anonymous_9)
FNDA:1,(anonymous_10)
FNDA:1,(anonymous_11)
FNDA:1,(anonymous_12)
FNDA:2,(anonymous_13)
FNDA:2,(anonymous_14)
FNDA:0,(anonymous_15)
FNDA:0,(anonymous_16)
FNDA:0,(anonymous_17)
FNDA:6,(anonymous_18)
FNDA:0,(anonymous_19)
FNDA:0,(anonymous_20)
FNDA:0,(anonymous_21)
FNDA:0,(anonymous_22)
FNDA:1,(anonymous_23)
FNDA:1,(anonymous_24)
FNDA:2,(anonymous_25)
FNDA:1,(anonymous_26)
FNDA:1,(anonymous_27)
DA:1,2
DA:4,2
DA:5,2
DA:6,2
DA:9,2
DA:13,1
DA:14,0
DA:17,1
DA:19,1
DA:20,1
DA:30,1
DA:32,1
DA:33,1
DA:35,0
DA:36,0
DA:48,0
DA:50,1
DA:55,1
DA:56,1
DA:59,1
DA:60,0
DA:61,0
DA:64,1
DA:65,1
DA:66,1
DA:68,0
DA:73,1
DA:74,0
DA:77,1
DA:78,0
DA:79,0
DA:82,1
DA:83,2
DA:85,1
DA:86,2
DA:89,1
DA:90,0
DA:91,0
DA:95,0
DA:100,0
DA:101,0
DA:106,6
DA:108,6
DA:118,6
DA:122,0
DA:126,0
DA:130,0
DA:131,0
DA:132,0
DA:136,0
DA:137,0
DA:138,0
DA:142,1
DA:143,1
DA:144,1
DA:148,1
DA:149,1
DA:150,2
DA:151,2
DA:156,1
DA:157,1
DA:162,1
DA:163,1
DA:167,2
DA:169,2
LF:65
LH:42
BRDA:13,0,0,0
BRDA:13,1,0,1
BRDA:13,1,1,1
BRDA:54,2,0,1
BRDA:54,3,0,1
BRDA:55,4,0,1
BRDA:59,5,0,0
BRDA:72,6,0,1
BRDA:72,7,0,1
BRDA:73,8,0,0
BRDA:77,9,0,0
BRDA:100,10,0,0
BRDA:106,11,0,0
BRDA:106,11,1,6
BRDA:118,12,0,6
BRDA:118,12,1,6
BRDA:126,13,0,0
BRDA:126,13,1,0
BRDA:129,14,0,0
BRDA:130,15,0,0
BRDA:136,16,0,0
BRDA:142,17,0,0
BRDA:148,18,0,0
BRDA:156,19,0,1
BRF:24
BRH:11
end_of_record
TN:
SF:src\utils\adminUtils.ts
FN:9,(anonymous_9)
FN:23,(anonymous_10)
FN:37,(anonymous_11)
FN:59,(anonymous_12)
FN:62,(anonymous_13)
FNF:5
FNH:5
FNDA:2,(anonymous_9)
FNDA:2,(anonymous_10)
FNDA:3,(anonymous_11)
FNDA:3,(anonymous_12)
FNDA:3,(anonymous_13)
DA:1,1
DA:2,1
DA:9,1
DA:10,2
DA:11,2
DA:12,1
DA:14,1
DA:15,1
DA:23,1
DA:24,2
DA:25,2
DA:26,1
DA:28,1
DA:29,1
DA:37,1
DA:38,3
DA:39,3
DA:40,2
DA:41,1
DA:42,1
DA:43,1
DA:44,1
DA:46,1
DA:47,1
DA:50,1
DA:51,1
DA:59,1
DA:60,3
DA:62,6
DA:63,3
DA:64,3
DA:66,3
DA:67,1
DA:68,1
DA:71,2
DA:72,1
DA:73,1
DA:75,1
DA:76,1
DA:81,1
DA:82,1
DA:83,1
DA:84,1
DA:85,1
LF:44
LH:44
BRDA:40,0,0,1
BRDA:40,0,1,1
BRDA:66,1,0,1
BRDA:81,2,0,1
BRF:4
BRH:4
end_of_record
TN:
SF:src\utils\midiTest.ts
FN:1,(anonymous_0)
FN:24,(anonymous_1)
FN:43,(anonymous_2)
FN:62,(anonymous_3)
FN:78,(anonymous_4)
FNF:5
FNH:3
FNDA:2,(anonymous_0)
FNDA:0,(anonymous_1)
FNDA:0,(anonymous_2)
FNDA:1,(anonymous_3)
FNDA:1,(anonymous_4)
DA:1,1
DA:2,2
DA:10,2
DA:11,2
DA:12,2
DA:14,2
DA:15,2
DA:16,2
DA:19,0
DA:20,0
DA:21,0
DA:22,0
DA:24,0
DA:25,0
DA:33,0
DA:34,0
DA:37,0
DA:39,0
DA:40,0
DA:41,0
DA:42,0
DA:43,0
DA:44,0
DA:50,0
DA:51,0
DA:55,0
DA:56,0
DA:59,0
DA:62,1
DA:63,1
DA:74,1
DA:75,1
DA:78,1
DA:79,1
DA:80,1
DA:81,1
DA:82,1
DA:83,1
DA:84,1
DA:85,1
DA:86,1
LF:41
LH:21
BRDA:14,0,0,2
BRDA:27,1,0,0
BRDA:27,1,1,0
BRDA:28,2,0,0
BRDA:28,2,1,0
BRDA:39,3,0,0
BRDA:41,4,0,0
BRF:7
BRH:1
end_of_record
